{"C:\\Users\\tala1\\Skrivebord\\DTU\\6.semester\\ReactNativeUdemy\\ReactNative\\rn-blue-market\\App.js": {"path":"C:\\Users\\tala1\\Skrivebord\\DTU\\6.semester\\ReactNativeUdemy\\ReactNative\\rn-blue-market\\App.js","statementMap":{"0":{"start":{"line":16,"column":20},"end":{"line":19,"column":2}},"1":{"start":{"line":21,"column":14},"end":{"line":21,"column":67}},"2":{"start":{"line":23,"column":19},"end":{"line":28,"column":1}},"3":{"start":{"line":24,"column":2},"end":{"line":27,"column":5}},"4":{"start":{"line":31,"column":38},"end":{"line":31,"column":53}},"5":{"start":{"line":33,"column":2},"end":{"line":43,"column":3}},"6":{"start":{"line":34,"column":4},"end":{"line":42,"column":6}},"7":{"start":{"line":38,"column":10},"end":{"line":38,"column":30}},"8":{"start":{"line":40,"column":26},"end":{"line":40,"column":42}},"9":{"start":{"line":45,"column":2},"end":{"line":51,"column":4}}},"fnMap":{"0":{"name":"(anonymous_0)","decl":{"start":{"line":23,"column":19},"end":{"line":23,"column":20}},"loc":{"start":{"line":23,"column":25},"end":{"line":28,"column":1}},"line":23},"1":{"name":"App","decl":{"start":{"line":30,"column":24},"end":{"line":30,"column":27}},"loc":{"start":{"line":30,"column":30},"end":{"line":52,"column":1}},"line":30},"2":{"name":"(anonymous_2)","decl":{"start":{"line":37,"column":18},"end":{"line":37,"column":19}},"loc":{"start":{"line":37,"column":24},"end":{"line":39,"column":9}},"line":37},"3":{"name":"(anonymous_3)","decl":{"start":{"line":40,"column":17},"end":{"line":40,"column":18}},"loc":{"start":{"line":40,"column":26},"end":{"line":40,"column":42}},"line":40}},"branchMap":{"0":{"loc":{"start":{"line":33,"column":2},"end":{"line":43,"column":3}},"type":"if","locations":[{"start":{"line":33,"column":2},"end":{"line":43,"column":3}},{"start":{"line":33,"column":2},"end":{"line":43,"column":3}}],"line":33}},"s":{"0":1,"1":1,"2":1,"3":1,"4":1,"5":1,"6":1,"7":0,"8":0,"9":0},"f":{"0":1,"1":1,"2":0,"3":0},"b":{"0":[1,0]},"_coverageSchema":"1a1c01bbd47fc00a2c39e90264f33305004495a9","hash":"1b59e972a906dcd576ee924ead0fb5800997c8f0"}
,"C:\\Users\\tala1\\Skrivebord\\DTU\\6.semester\\ReactNativeUdemy\\ReactNative\\rn-blue-market\\assets\\default-image.jpg": {"path":"C:\\Users\\tala1\\Skrivebord\\DTU\\6.semester\\ReactNativeUdemy\\ReactNative\\rn-blue-market\\assets\\default-image.jpg","statementMap":{"0":{"start":{"line":1,"column":0},"end":{"line":1,"column":19}}},"fnMap":{},"branchMap":{},"s":{"0":1},"f":{},"b":{},"inputSourceMap":null,"_coverageSchema":"1a1c01bbd47fc00a2c39e90264f33305004495a9","hash":"1e79eb1fbb8e1083b855cfe9e9b2f64fcb22cea1"}
,"C:\\Users\\tala1\\Skrivebord\\DTU\\6.semester\\ReactNativeUdemy\\ReactNative\\rn-blue-market\\assets\\fonts\\OpenSans-Bold.ttf": {"path":"C:\\Users\\tala1\\Skrivebord\\DTU\\6.semester\\ReactNativeUdemy\\ReactNative\\rn-blue-market\\assets\\fonts\\OpenSans-Bold.ttf","statementMap":{"0":{"start":{"line":1,"column":0},"end":{"line":1,"column":19}}},"fnMap":{},"branchMap":{},"s":{"0":1},"f":{},"b":{},"inputSourceMap":null,"_coverageSchema":"1a1c01bbd47fc00a2c39e90264f33305004495a9","hash":"f4123df15832d1a0220469459f50e64e38429960"}
,"C:\\Users\\tala1\\Skrivebord\\DTU\\6.semester\\ReactNativeUdemy\\ReactNative\\rn-blue-market\\assets\\fonts\\OpenSans-Regular.ttf": {"path":"C:\\Users\\tala1\\Skrivebord\\DTU\\6.semester\\ReactNativeUdemy\\ReactNative\\rn-blue-market\\assets\\fonts\\OpenSans-Regular.ttf","statementMap":{"0":{"start":{"line":1,"column":0},"end":{"line":1,"column":19}}},"fnMap":{},"branchMap":{},"s":{"0":1},"f":{},"b":{},"inputSourceMap":null,"_coverageSchema":"1a1c01bbd47fc00a2c39e90264f33305004495a9","hash":"4e787e62603339cd215dd3319a448ba33b014c96"}
,"C:\\Users\\tala1\\Skrivebord\\DTU\\6.semester\\ReactNativeUdemy\\ReactNative\\rn-blue-market\\components\\BasketItem.js": {"path":"C:\\Users\\tala1\\Skrivebord\\DTU\\6.semester\\ReactNativeUdemy\\ReactNative\\rn-blue-market\\components\\BasketItem.js","statementMap":{"0":{"start":{"line":11,"column":19},"end":{"line":30,"column":1}},"1":{"start":{"line":12,"column":2},"end":{"line":29,"column":4}},"2":{"start":{"line":32,"column":15},"end":{"line":53,"column":2}}},"fnMap":{"0":{"name":"(anonymous_0)","decl":{"start":{"line":11,"column":19},"end":{"line":11,"column":20}},"loc":{"start":{"line":11,"column":30},"end":{"line":30,"column":1}},"line":11}},"branchMap":{"0":{"loc":{"start":{"line":22,"column":18},"end":{"line":22,"column":70}},"type":"cond-expr","locations":[{"start":{"line":22,"column":46},"end":{"line":22,"column":56}},{"start":{"line":22,"column":59},"end":{"line":22,"column":70}}],"line":22}},"s":{"0":3,"1":0,"2":3},"f":{"0":0},"b":{"0":[0,0]},"_coverageSchema":"1a1c01bbd47fc00a2c39e90264f33305004495a9","hash":"7270689713e8a0baae1f6cbc4d9fb1e03c2b5c3f"}
,"C:\\Users\\tala1\\Skrivebord\\DTU\\6.semester\\ReactNativeUdemy\\ReactNative\\rn-blue-market\\components\\FormButton.js": {"path":"C:\\Users\\tala1\\Skrivebord\\DTU\\6.semester\\ReactNativeUdemy\\ReactNative\\rn-blue-market\\components\\FormButton.js","statementMap":{"0":{"start":{"line":9,"column":26},"end":{"line":9,"column":50}},"1":{"start":{"line":12,"column":2},"end":{"line":22,"column":4}},"2":{"start":{"line":25,"column":15},"end":{"line":33,"column":2}}},"fnMap":{"0":{"name":"FormButton","decl":{"start":{"line":11,"column":24},"end":{"line":11,"column":34}},"loc":{"start":{"line":11,"column":66},"end":{"line":23,"column":1}},"line":11}},"branchMap":{},"s":{"0":7,"1":4,"2":7},"f":{"0":4},"b":{},"_coverageSchema":"1a1c01bbd47fc00a2c39e90264f33305004495a9","hash":"db4c3e3f5ef64f7dacb51b93b22941eac53b1e91"}
,"C:\\Users\\tala1\\Skrivebord\\DTU\\6.semester\\ReactNativeUdemy\\ReactNative\\rn-blue-market\\components\\FormInput.js": {"path":"C:\\Users\\tala1\\Skrivebord\\DTU\\6.semester\\ReactNativeUdemy\\ReactNative\\rn-blue-market\\components\\FormInput.js","statementMap":{"0":{"start":{"line":9,"column":26},"end":{"line":9,"column":50}},"1":{"start":{"line":12,"column":2},"end":{"line":27,"column":4}},"2":{"start":{"line":30,"column":15},"end":{"line":37,"column":2}}},"fnMap":{"0":{"name":"FormInput","decl":{"start":{"line":11,"column":24},"end":{"line":11,"column":33}},"loc":{"start":{"line":11,"column":58},"end":{"line":28,"column":1}},"line":11}},"branchMap":{},"s":{"0":7,"1":8,"2":7},"f":{"0":8},"b":{},"_coverageSchema":"1a1c01bbd47fc00a2c39e90264f33305004495a9","hash":"728699f65525ed4de66c9cba4b324b8468defe5d"}
,"C:\\Users\\tala1\\Skrivebord\\DTU\\6.semester\\ReactNativeUdemy\\ReactNative\\rn-blue-market\\components\\HeaderButton.js": {"path":"C:\\Users\\tala1\\Skrivebord\\DTU\\6.semester\\ReactNativeUdemy\\ReactNative\\rn-blue-market\\components\\HeaderButton.js","statementMap":{"0":{"start":{"line":8,"column":27},"end":{"line":17,"column":1}},"1":{"start":{"line":9,"column":2},"end":{"line":16,"column":4}}},"fnMap":{"0":{"name":"(anonymous_0)","decl":{"start":{"line":8,"column":27},"end":{"line":8,"column":28}},"loc":{"start":{"line":8,"column":38},"end":{"line":17,"column":1}},"line":8}},"branchMap":{"0":{"loc":{"start":{"line":14,"column":13},"end":{"line":14,"column":70}},"type":"cond-expr","locations":[{"start":{"line":14,"column":41},"end":{"line":14,"column":48}},{"start":{"line":14,"column":51},"end":{"line":14,"column":70}}],"line":14}},"s":{"0":8,"1":2},"f":{"0":2},"b":{"0":[0,2]},"_coverageSchema":"1a1c01bbd47fc00a2c39e90264f33305004495a9","hash":"ea58f68c8eee0ea5e11c2d58b213bc1c3b6bbf51"}
,"C:\\Users\\tala1\\Skrivebord\\DTU\\6.semester\\ReactNativeUdemy\\ReactNative\\rn-blue-market\\components\\Loading.js": {"path":"C:\\Users\\tala1\\Skrivebord\\DTU\\6.semester\\ReactNativeUdemy\\ReactNative\\rn-blue-market\\components\\Loading.js","statementMap":{"0":{"start":{"line":8,"column":2},"end":{"line":12,"column":4}},"1":{"start":{"line":15,"column":15},"end":{"line":21,"column":2}}},"fnMap":{"0":{"name":"Loading","decl":{"start":{"line":7,"column":24},"end":{"line":7,"column":31}},"loc":{"start":{"line":7,"column":34},"end":{"line":13,"column":1}},"line":7}},"branchMap":{},"s":{"0":0,"1":6},"f":{"0":0},"b":{},"_coverageSchema":"1a1c01bbd47fc00a2c39e90264f33305004495a9","hash":"934ef1b32d6425a5683c5d93ab8eb8319a477bfa"}
,"C:\\Users\\tala1\\Skrivebord\\DTU\\6.semester\\ReactNativeUdemy\\ReactNative\\rn-blue-market\\components\\ProductItem.js": {"path":"C:\\Users\\tala1\\Skrivebord\\DTU\\6.semester\\ReactNativeUdemy\\ReactNative\\rn-blue-market\\components\\ProductItem.js","statementMap":{"0":{"start":{"line":13,"column":26},"end":{"line":13,"column":50}},"1":{"start":{"line":15,"column":20},"end":{"line":45,"column":1}},"2":{"start":{"line":16,"column":2},"end":{"line":44,"column":4}},"3":{"start":{"line":47,"column":15},"end":{"line":54,"column":2}}},"fnMap":{"0":{"name":"(anonymous_0)","decl":{"start":{"line":15,"column":20},"end":{"line":15,"column":21}},"loc":{"start":{"line":15,"column":31},"end":{"line":45,"column":1}},"line":15}},"branchMap":{},"s":{"0":3,"1":3,"2":0,"3":3},"f":{"0":0},"b":{},"_coverageSchema":"1a1c01bbd47fc00a2c39e90264f33305004495a9","hash":"78f39d3a266ef48cfa11c3b9b0b729a62fb16f8b"}
,"C:\\Users\\tala1\\Skrivebord\\DTU\\6.semester\\ReactNativeUdemy\\ReactNative\\rn-blue-market\\components\\ReauthenticationDialog.js": {"path":"C:\\Users\\tala1\\Skrivebord\\DTU\\6.semester\\ReactNativeUdemy\\ReactNative\\rn-blue-market\\components\\ReauthenticationDialog.js","statementMap":{"0":{"start":{"line":16,"column":28},"end":{"line":16,"column":40}},"1":{"start":{"line":17,"column":34},"end":{"line":17,"column":46}},"2":{"start":{"line":18,"column":42},"end":{"line":18,"column":54}},"3":{"start":{"line":20,"column":16},"end":{"line":41,"column":3}},"4":{"start":{"line":22,"column":15},"end":{"line":22,"column":42}},"5":{"start":{"line":23,"column":21},"end":{"line":26,"column":5}},"6":{"start":{"line":29,"column":4},"end":{"line":40,"column":9}},"7":{"start":{"line":33,"column":8},"end":{"line":33,"column":52}},"8":{"start":{"line":34,"column":8},"end":{"line":34,"column":18}},"9":{"start":{"line":38,"column":8},"end":{"line":38,"column":27}},"10":{"start":{"line":39,"column":8},"end":{"line":39,"column":39}},"11":{"start":{"line":42,"column":2},"end":{"line":70,"column":4}},"12":{"start":{"line":55,"column":41},"end":{"line":55,"column":60}},"13":{"start":{"line":61,"column":44},"end":{"line":61,"column":69}},"14":{"start":{"line":66,"column":33},"end":{"line":66,"column":55}}},"fnMap":{"0":{"name":"(anonymous_0)","decl":{"start":{"line":15,"column":40},"end":{"line":15,"column":41}},"loc":{"start":{"line":15,"column":66},"end":{"line":71,"column":1}},"line":15},"1":{"name":"(anonymous_1)","decl":{"start":{"line":20,"column":16},"end":{"line":20,"column":17}},"loc":{"start":{"line":20,"column":43},"end":{"line":41,"column":3}},"line":20},"2":{"name":"(anonymous_2)","decl":{"start":{"line":31,"column":12},"end":{"line":31,"column":13}},"loc":{"start":{"line":31,"column":18},"end":{"line":35,"column":7}},"line":31},"3":{"name":"(anonymous_3)","decl":{"start":{"line":36,"column":13},"end":{"line":36,"column":14}},"loc":{"start":{"line":36,"column":30},"end":{"line":40,"column":7}},"line":36},"4":{"name":"(anonymous_4)","decl":{"start":{"line":55,"column":26},"end":{"line":55,"column":27}},"loc":{"start":{"line":55,"column":41},"end":{"line":55,"column":60}},"line":55},"5":{"name":"(anonymous_5)","decl":{"start":{"line":61,"column":26},"end":{"line":61,"column":27}},"loc":{"start":{"line":61,"column":44},"end":{"line":61,"column":69}},"line":61},"6":{"name":"(anonymous_6)","decl":{"start":{"line":66,"column":27},"end":{"line":66,"column":28}},"loc":{"start":{"line":66,"column":33},"end":{"line":66,"column":55}},"line":66}},"branchMap":{},"s":{"0":0,"1":0,"2":0,"3":0,"4":0,"5":0,"6":0,"7":0,"8":0,"9":0,"10":0,"11":0,"12":0,"13":0,"14":0},"f":{"0":0,"1":0,"2":0,"3":0,"4":0,"5":0,"6":0},"b":{},"_coverageSchema":"1a1c01bbd47fc00a2c39e90264f33305004495a9","hash":"c7602aba162e620f13c5e20412de6e8b877c72cd"}
,"C:\\Users\\tala1\\Skrivebord\\DTU\\6.semester\\ReactNativeUdemy\\ReactNative\\rn-blue-market\\components\\UserProductItem.js": {"path":"C:\\Users\\tala1\\Skrivebord\\DTU\\6.semester\\ReactNativeUdemy\\ReactNative\\rn-blue-market\\components\\UserProductItem.js","statementMap":{"0":{"start":{"line":6,"column":24},"end":{"line":34,"column":1}},"1":{"start":{"line":7,"column":2},"end":{"line":33,"column":4}}},"fnMap":{"0":{"name":"(anonymous_0)","decl":{"start":{"line":6,"column":24},"end":{"line":6,"column":25}},"loc":{"start":{"line":6,"column":35},"end":{"line":34,"column":1}},"line":6}},"branchMap":{},"s":{"0":3,"1":0},"f":{"0":0},"b":{},"_coverageSchema":"1a1c01bbd47fc00a2c39e90264f33305004495a9","hash":"8ee1b407e16fca4bb79b338347c3e2e609e5773e"}
,"C:\\Users\\tala1\\Skrivebord\\DTU\\6.semester\\ReactNativeUdemy\\ReactNative\\rn-blue-market\\constants\\Colors.js": {"path":"C:\\Users\\tala1\\Skrivebord\\DTU\\6.semester\\ReactNativeUdemy\\ReactNative\\rn-blue-market\\constants\\Colors.js","statementMap":{},"fnMap":{},"branchMap":{},"s":{},"f":{},"b":{},"_coverageSchema":"1a1c01bbd47fc00a2c39e90264f33305004495a9","hash":"6853c245844abaa6d457603576c89ea61cae458c"}
,"C:\\Users\\tala1\\Skrivebord\\DTU\\6.semester\\ReactNativeUdemy\\ReactNative\\rn-blue-market\\firebase\\index.js": {"path":"C:\\Users\\tala1\\Skrivebord\\DTU\\6.semester\\ReactNativeUdemy\\ReactNative\\rn-blue-market\\firebase\\index.js","statementMap":{"0":{"start":{"line":11,"column":23},"end":{"line":19,"column":1}},"1":{"start":{"line":21,"column":0},"end":{"line":23,"column":1}},"2":{"start":{"line":22,"column":2},"end":{"line":22,"column":41}}},"fnMap":{},"branchMap":{"0":{"loc":{"start":{"line":21,"column":0},"end":{"line":23,"column":1}},"type":"if","locations":[{"start":{"line":21,"column":0},"end":{"line":23,"column":1}},{"start":{"line":21,"column":0},"end":{"line":23,"column":1}}],"line":21}},"s":{"0":9,"1":9,"2":9},"f":{},"b":{"0":[9,0]},"_coverageSchema":"1a1c01bbd47fc00a2c39e90264f33305004495a9","hash":"f77a68aa3e6339d66cbe0681f5a5f47b18ed902f"}
,"C:\\Users\\tala1\\Skrivebord\\DTU\\6.semester\\ReactNativeUdemy\\ReactNative\\rn-blue-market\\models\\cart.js": {"path":"C:\\Users\\tala1\\Skrivebord\\DTU\\6.semester\\ReactNativeUdemy\\ReactNative\\rn-blue-market\\models\\cart.js","statementMap":{"0":{"start":{"line":4,"column":4},"end":{"line":4,"column":29}},"1":{"start":{"line":5,"column":4},"end":{"line":5,"column":37}},"2":{"start":{"line":6,"column":4},"end":{"line":6,"column":37}},"3":{"start":{"line":7,"column":4},"end":{"line":7,"column":19}}},"fnMap":{"0":{"name":"(anonymous_0)","decl":{"start":{"line":3,"column":2},"end":{"line":3,"column":3}},"loc":{"start":{"line":3,"column":57},"end":{"line":8,"column":3}},"line":3}},"branchMap":{},"s":{"0":0,"1":0,"2":0,"3":0},"f":{"0":0},"b":{},"_coverageSchema":"1a1c01bbd47fc00a2c39e90264f33305004495a9","hash":"c18b4080bbe04d20bd2e29be9cc11f83caf72b33"}
,"C:\\Users\\tala1\\Skrivebord\\DTU\\6.semester\\ReactNativeUdemy\\ReactNative\\rn-blue-market\\navigation\\ShoppingNavigator.js": {"path":"C:\\Users\\tala1\\Skrivebord\\DTU\\6.semester\\ReactNativeUdemy\\ReactNative\\rn-blue-market\\navigation\\ShoppingNavigator.js","statementMap":{"0":{"start":{"line":22,"column":32},"end":{"line":27,"column":1}},"1":{"start":{"line":29,"column":26},"end":{"line":48,"column":1}},"2":{"start":{"line":50,"column":30},"end":{"line":60,"column":1}},"3":{"start":{"line":62,"column":29},"end":{"line":69,"column":1}},"4":{"start":{"line":71,"column":24},"end":{"line":83,"column":1}},"5":{"start":{"line":85,"column":22},"end":{"line":102,"column":1}}},"fnMap":{},"branchMap":{"0":{"loc":{"start":{"line":24,"column":21},"end":{"line":24,"column":73}},"type":"cond-expr","locations":[{"start":{"line":24,"column":49},"end":{"line":24,"column":68}},{"start":{"line":24,"column":71},"end":{"line":24,"column":73}}],"line":24},"1":{"loc":{"start":{"line":26,"column":19},"end":{"line":26,"column":76}},"type":"cond-expr","locations":[{"start":{"line":26,"column":47},"end":{"line":26,"column":54}},{"start":{"line":26,"column":57},"end":{"line":26,"column":76}}],"line":26}},"s":{"0":2,"1":2,"2":2,"3":2,"4":2,"5":2},"f":{},"b":{"0":[0,2],"1":[0,2]},"_coverageSchema":"1a1c01bbd47fc00a2c39e90264f33305004495a9","hash":"6d613b79e060305743a2c751eea73056eb1515b0"}
,"C:\\Users\\tala1\\Skrivebord\\DTU\\6.semester\\ReactNativeUdemy\\ReactNative\\rn-blue-market\\navigation\\SidebarMenu.js": {"path":"C:\\Users\\tala1\\Skrivebord\\DTU\\6.semester\\ReactNativeUdemy\\ReactNative\\rn-blue-market\\navigation\\SidebarMenu.js","statementMap":{"0":{"start":{"line":19,"column":53},"end":{"line":19,"column":77}},"1":{"start":{"line":21,"column":19},"end":{"line":46,"column":1}},"2":{"start":{"line":48,"column":22},"end":{"line":65,"column":1}},"3":{"start":{"line":67,"column":21},"end":{"line":170,"column":1}},"4":{"start":{"line":68,"column":30},"end":{"line":68,"column":45}},"5":{"start":{"line":69,"column":38},"end":{"line":69,"column":50}},"6":{"start":{"line":70,"column":34},"end":{"line":70,"column":46}},"7":{"start":{"line":72,"column":27},"end":{"line":74,"column":3}},"8":{"start":{"line":73,"column":4},"end":{"line":73,"column":41}},"9":{"start":{"line":75,"column":2},"end":{"line":92,"column":5}},"10":{"start":{"line":76,"column":4},"end":{"line":91,"column":7}},"11":{"start":{"line":77,"column":6},"end":{"line":90,"column":7}},"12":{"start":{"line":79,"column":8},"end":{"line":79,"column":24}},"13":{"start":{"line":80,"column":8},"end":{"line":80,"column":37}},"14":{"start":{"line":81,"column":8},"end":{"line":81,"column":38}},"15":{"start":{"line":83,"column":8},"end":{"line":83,"column":32}},"16":{"start":{"line":86,"column":8},"end":{"line":86,"column":25}},"17":{"start":{"line":87,"column":8},"end":{"line":87,"column":24}},"18":{"start":{"line":88,"column":8},"end":{"line":88,"column":26}},"19":{"start":{"line":89,"column":8},"end":{"line":89,"column":37}},"20":{"start":{"line":93,"column":2},"end":{"line":112,"column":5}},"21":{"start":{"line":94,"column":4},"end":{"line":111,"column":5}},"22":{"start":{"line":95,"column":6},"end":{"line":97,"column":9}},"23":{"start":{"line":96,"column":8},"end":{"line":96,"column":28}},"24":{"start":{"line":98,"column":18},"end":{"line":100,"column":8}},"25":{"start":{"line":99,"column":8},"end":{"line":99,"column":54}},"26":{"start":{"line":101,"column":6},"end":{"line":101,"column":55}},"27":{"start":{"line":101,"column":22},"end":{"line":101,"column":55}},"28":{"start":{"line":103,"column":6},"end":{"line":105,"column":9}},"29":{"start":{"line":104,"column":8},"end":{"line":104,"column":28}},"30":{"start":{"line":106,"column":18},"end":{"line":108,"column":8}},"31":{"start":{"line":107,"column":8},"end":{"line":107,"column":54}},"32":{"start":{"line":110,"column":6},"end":{"line":110,"column":58}},"33":{"start":{"line":110,"column":22},"end":{"line":110,"column":58}},"34":{"start":{"line":113,"column":25},"end":{"line":132,"column":3}},"35":{"start":{"line":114,"column":4},"end":{"line":130,"column":8}},"36":{"start":{"line":115,"column":6},"end":{"line":130,"column":8}},"37":{"start":{"line":125,"column":27},"end":{"line":125,"column":52}},"38":{"start":{"line":131,"column":4},"end":{"line":131,"column":25}},"39":{"start":{"line":134,"column":30},"end":{"line":160,"column":3}},"40":{"start":{"line":135,"column":4},"end":{"line":159,"column":6}},"41":{"start":{"line":139,"column":32},"end":{"line":139,"column":50}},"42":{"start":{"line":141,"column":10},"end":{"line":156,"column":29}},"43":{"start":{"line":141,"column":43},"end":{"line":141,"column":75}},"44":{"start":{"line":161,"column":2},"end":{"line":169,"column":4}},"45":{"start":{"line":172,"column":15},"end":{"line":226,"column":2}},"46":{"start":{"line":228,"column":40},"end":{"line":228,"column":67}}},"fnMap":{"0":{"name":"(anonymous_0)","decl":{"start":{"line":67,"column":21},"end":{"line":67,"column":22}},"loc":{"start":{"line":67,"column":32},"end":{"line":170,"column":1}},"line":67},"1":{"name":"(anonymous_1)","decl":{"start":{"line":72,"column":27},"end":{"line":72,"column":28}},"loc":{"start":{"line":72,"column":42},"end":{"line":74,"column":3}},"line":72},"2":{"name":"(anonymous_2)","decl":{"start":{"line":75,"column":12},"end":{"line":75,"column":13}},"loc":{"start":{"line":75,"column":18},"end":{"line":92,"column":3}},"line":75},"3":{"name":"(anonymous_3)","decl":{"start":{"line":76,"column":39},"end":{"line":76,"column":40}},"loc":{"start":{"line":76,"column":55},"end":{"line":91,"column":5}},"line":76},"4":{"name":"(anonymous_4)","decl":{"start":{"line":93,"column":12},"end":{"line":93,"column":13}},"loc":{"start":{"line":93,"column":18},"end":{"line":112,"column":3}},"line":93},"5":{"name":"(anonymous_5)","decl":{"start":{"line":95,"column":25},"end":{"line":95,"column":26}},"loc":{"start":{"line":95,"column":34},"end":{"line":97,"column":7}},"line":95},"6":{"name":"(anonymous_6)","decl":{"start":{"line":98,"column":39},"end":{"line":98,"column":40}},"loc":{"start":{"line":98,"column":54},"end":{"line":100,"column":7}},"line":98},"7":{"name":"(anonymous_7)","decl":{"start":{"line":103,"column":28},"end":{"line":103,"column":29}},"loc":{"start":{"line":103,"column":37},"end":{"line":105,"column":7}},"line":103},"8":{"name":"(anonymous_8)","decl":{"start":{"line":106,"column":42},"end":{"line":106,"column":43}},"loc":{"start":{"line":106,"column":57},"end":{"line":108,"column":7}},"line":106},"9":{"name":"(anonymous_9)","decl":{"start":{"line":113,"column":25},"end":{"line":113,"column":26}},"loc":{"start":{"line":113,"column":31},"end":{"line":132,"column":3}},"line":113},"10":{"name":"(anonymous_10)","decl":{"start":{"line":125,"column":21},"end":{"line":125,"column":22}},"loc":{"start":{"line":125,"column":27},"end":{"line":125,"column":52}},"line":125},"11":{"name":"(anonymous_11)","decl":{"start":{"line":134,"column":30},"end":{"line":134,"column":31}},"loc":{"start":{"line":134,"column":41},"end":{"line":160,"column":3}},"line":134},"12":{"name":"(anonymous_12)","decl":{"start":{"line":139,"column":22},"end":{"line":139,"column":23}},"loc":{"start":{"line":139,"column":32},"end":{"line":139,"column":50}},"line":139},"13":{"name":"(anonymous_13)","decl":{"start":{"line":140,"column":20},"end":{"line":140,"column":21}},"loc":{"start":{"line":141,"column":10},"end":{"line":156,"column":29}},"line":141},"14":{"name":"(anonymous_14)","decl":{"start":{"line":141,"column":37},"end":{"line":141,"column":38}},"loc":{"start":{"line":141,"column":43},"end":{"line":141,"column":75}},"line":141},"15":{"name":"(anonymous_15)","decl":{"start":{"line":228,"column":29},"end":{"line":228,"column":30}},"loc":{"start":{"line":228,"column":40},"end":{"line":228,"column":67}},"line":228}},"branchMap":{"0":{"loc":{"start":{"line":77,"column":6},"end":{"line":90,"column":7}},"type":"if","locations":[{"start":{"line":77,"column":6},"end":{"line":90,"column":7}},{"start":{"line":77,"column":6},"end":{"line":90,"column":7}}],"line":77},"1":{"loc":{"start":{"line":94,"column":4},"end":{"line":111,"column":5}},"type":"if","locations":[{"start":{"line":94,"column":4},"end":{"line":111,"column":5}},{"start":{"line":94,"column":4},"end":{"line":111,"column":5}}],"line":94},"2":{"loc":{"start":{"line":101,"column":6},"end":{"line":101,"column":55}},"type":"if","locations":[{"start":{"line":101,"column":6},"end":{"line":101,"column":55}},{"start":{"line":101,"column":6},"end":{"line":101,"column":55}}],"line":101},"3":{"loc":{"start":{"line":110,"column":6},"end":{"line":110,"column":58}},"type":"if","locations":[{"start":{"line":110,"column":6},"end":{"line":110,"column":58}},{"start":{"line":110,"column":6},"end":{"line":110,"column":58}}],"line":110},"4":{"loc":{"start":{"line":114,"column":4},"end":{"line":130,"column":8}},"type":"if","locations":[{"start":{"line":114,"column":4},"end":{"line":130,"column":8}},{"start":{"line":114,"column":4},"end":{"line":130,"column":8}}],"line":114},"5":{"loc":{"start":{"line":138,"column":14},"end":{"line":138,"column":49}},"type":"cond-expr","locations":[{"start":{"line":138,"column":23},"end":{"line":138,"column":33}},{"start":{"line":138,"column":36},"end":{"line":138,"column":49}}],"line":138},"6":{"loc":{"start":{"line":144,"column":16},"end":{"line":144,"column":77}},"type":"cond-expr","locations":[{"start":{"line":144,"column":31},"end":{"line":144,"column":54}},{"start":{"line":144,"column":57},"end":{"line":144,"column":77}}],"line":144},"7":{"loc":{"start":{"line":150,"column":23},"end":{"line":150,"column":66}},"type":"cond-expr","locations":[{"start":{"line":150,"column":38},"end":{"line":150,"column":52}},{"start":{"line":150,"column":55},"end":{"line":150,"column":66}}],"line":150},"8":{"loc":{"start":{"line":152,"column":27},"end":{"line":152,"column":78}},"type":"cond-expr","locations":[{"start":{"line":152,"column":42},"end":{"line":152,"column":60}},{"start":{"line":152,"column":63},"end":{"line":152,"column":78}}],"line":152}},"s":{"0":2,"1":2,"2":2,"3":2,"4":1,"5":1,"6":1,"7":1,"8":0,"9":1,"10":0,"11":0,"12":0,"13":0,"14":0,"15":0,"16":0,"17":0,"18":0,"19":0,"20":1,"21":0,"22":0,"23":0,"24":0,"25":0,"26":0,"27":0,"28":0,"29":0,"30":0,"31":0,"32":0,"33":0,"34":1,"35":1,"36":0,"37":0,"38":1,"39":1,"40":1,"41":2,"42":2,"43":0,"44":1,"45":2,"46":1},"f":{"0":1,"1":0,"2":0,"3":0,"4":0,"5":0,"6":0,"7":0,"8":0,"9":1,"10":0,"11":1,"12":2,"13":2,"14":0,"15":1},"b":{"0":[0,0],"1":[0,0],"2":[0,0],"3":[0,0],"4":[0,1],"5":[0,1],"6":[0,2],"7":[0,2],"8":[0,2]},"_coverageSchema":"1a1c01bbd47fc00a2c39e90264f33305004495a9","hash":"35d69f9e348170fd5527dc67c20ae3165f4bac7b"}
,"C:\\Users\\tala1\\Skrivebord\\DTU\\6.semester\\ReactNativeUdemy\\ReactNative\\rn-blue-market\\screens\\BasketScreen.js": {"path":"C:\\Users\\tala1\\Skrivebord\\DTU\\6.semester\\ReactNativeUdemy\\ReactNative\\rn-blue-market\\screens\\BasketScreen.js","statementMap":{"0":{"start":{"line":11,"column":21},"end":{"line":66,"column":1}},"1":{"start":{"line":13,"column":22},"end":{"line":13,"column":68}},"2":{"start":{"line":13,"column":45},"end":{"line":13,"column":67}},"3":{"start":{"line":14,"column":20},"end":{"line":26,"column":4}},"4":{"start":{"line":15,"column":33},"end":{"line":15,"column":35}},"5":{"start":{"line":16,"column":4},"end":{"line":24,"column":5}},"6":{"start":{"line":17,"column":6},"end":{"line":23,"column":9}},"7":{"start":{"line":25,"column":4},"end":{"line":25,"column":32}},"8":{"start":{"line":28,"column":19},"end":{"line":28,"column":32}},"9":{"start":{"line":30,"column":2},"end":{"line":65,"column":4}},"10":{"start":{"line":43,"column":12},"end":{"line":46,"column":15}},"11":{"start":{"line":52,"column":32},"end":{"line":52,"column":46}},"12":{"start":{"line":54,"column":10},"end":{"line":61,"column":12}},"13":{"start":{"line":59,"column":14},"end":{"line":59,"column":76}},"14":{"start":{"line":68,"column":0},"end":{"line":72,"column":2}},"15":{"start":{"line":69,"column":2},"end":{"line":71,"column":4}},"16":{"start":{"line":74,"column":15},"end":{"line":99,"column":2}}},"fnMap":{"0":{"name":"(anonymous_0)","decl":{"start":{"line":11,"column":21},"end":{"line":11,"column":22}},"loc":{"start":{"line":11,"column":32},"end":{"line":66,"column":1}},"line":11},"1":{"name":"(anonymous_1)","decl":{"start":{"line":13,"column":34},"end":{"line":13,"column":35}},"loc":{"start":{"line":13,"column":45},"end":{"line":13,"column":67}},"line":13},"2":{"name":"(anonymous_2)","decl":{"start":{"line":14,"column":32},"end":{"line":14,"column":33}},"loc":{"start":{"line":14,"column":43},"end":{"line":26,"column":3}},"line":14},"3":{"name":"(anonymous_3)","decl":{"start":{"line":42,"column":19},"end":{"line":42,"column":20}},"loc":{"start":{"line":42,"column":25},"end":{"line":47,"column":11}},"line":42},"4":{"name":"(anonymous_4)","decl":{"start":{"line":52,"column":22},"end":{"line":52,"column":23}},"loc":{"start":{"line":52,"column":32},"end":{"line":52,"column":46}},"line":52},"5":{"name":"(anonymous_5)","decl":{"start":{"line":53,"column":20},"end":{"line":53,"column":21}},"loc":{"start":{"line":54,"column":10},"end":{"line":61,"column":12}},"line":54},"6":{"name":"(anonymous_6)","decl":{"start":{"line":58,"column":22},"end":{"line":58,"column":23}},"loc":{"start":{"line":58,"column":28},"end":{"line":60,"column":13}},"line":58},"7":{"name":"(anonymous_7)","decl":{"start":{"line":68,"column":33},"end":{"line":68,"column":34}},"loc":{"start":{"line":68,"column":46},"end":{"line":72,"column":1}},"line":68}},"branchMap":{},"s":{"0":3,"1":1,"2":0,"3":0,"4":0,"5":0,"6":0,"7":0,"8":0,"9":0,"10":0,"11":0,"12":0,"13":0,"14":3,"15":0,"16":3},"f":{"0":1,"1":0,"2":0,"3":0,"4":0,"5":0,"6":0,"7":0},"b":{},"_coverageSchema":"1a1c01bbd47fc00a2c39e90264f33305004495a9","hash":"dac9d2762b824ea3bce7bf7ac8d975324c157c86"}
,"C:\\Users\\tala1\\Skrivebord\\DTU\\6.semester\\ReactNativeUdemy\\ReactNative\\rn-blue-market\\screens\\MapScreen.js": {"path":"C:\\Users\\tala1\\Skrivebord\\DTU\\6.semester\\ReactNativeUdemy\\ReactNative\\rn-blue-market\\screens\\MapScreen.js","statementMap":{"0":{"start":{"line":10,"column":18},"end":{"line":137,"column":1}},"1":{"start":{"line":12,"column":18},"end":{"line":12,"column":54}},"2":{"start":{"line":13,"column":19},"end":{"line":13,"column":56}},"3":{"start":{"line":15,"column":34},"end":{"line":15,"column":48}},"4":{"start":{"line":16,"column":36},"end":{"line":16,"column":50}},"5":{"start":{"line":17,"column":28},"end":{"line":17,"column":42}},"6":{"start":{"line":18,"column":30},"end":{"line":18,"column":44}},"7":{"start":{"line":19,"column":30},"end":{"line":19,"column":42}},"8":{"start":{"line":20,"column":20},"end":{"line":20,"column":37}},"9":{"start":{"line":21,"column":42},"end":{"line":21,"column":59}},"10":{"start":{"line":22,"column":44},"end":{"line":22,"column":62}},"11":{"start":{"line":25,"column":2},"end":{"line":35,"column":9}},"12":{"start":{"line":26,"column":4},"end":{"line":34,"column":7}},"13":{"start":{"line":27,"column":6},"end":{"line":27,"column":44}},"14":{"start":{"line":28,"column":6},"end":{"line":28,"column":46}},"15":{"start":{"line":29,"column":6},"end":{"line":29,"column":21}},"16":{"start":{"line":30,"column":6},"end":{"line":30,"column":17}},"17":{"start":{"line":32,"column":6},"end":{"line":33,"column":73}},"18":{"start":{"line":32,"column":17},"end":{"line":32,"column":40}},"19":{"start":{"line":38,"column":19},"end":{"line":45,"column":3}},"20":{"start":{"line":39,"column":4},"end":{"line":44,"column":5}},"21":{"start":{"line":40,"column":22},"end":{"line":40,"column":48}},"22":{"start":{"line":41,"column":6},"end":{"line":43,"column":19}},"23":{"start":{"line":42,"column":8},"end":{"line":42,"column":66}},"24":{"start":{"line":48,"column":2},"end":{"line":74,"column":15}},"25":{"start":{"line":50,"column":6},"end":{"line":70,"column":7}},"26":{"start":{"line":51,"column":19},"end":{"line":53,"column":9}},"27":{"start":{"line":54,"column":23},"end":{"line":54,"column":40}},"28":{"start":{"line":55,"column":21},"end":{"line":57,"column":9}},"29":{"start":{"line":58,"column":21},"end":{"line":63,"column":10}},"30":{"start":{"line":59,"column":10},"end":{"line":62,"column":12}},"31":{"start":{"line":64,"column":8},"end":{"line":64,"column":26}},"32":{"start":{"line":65,"column":8},"end":{"line":65,"column":21}},"33":{"start":{"line":66,"column":8},"end":{"line":66,"column":22}},"34":{"start":{"line":68,"column":8},"end":{"line":68,"column":22}},"35":{"start":{"line":69,"column":8},"end":{"line":69,"column":21}},"36":{"start":{"line":72,"column":4},"end":{"line":72,"column":20}},"37":{"start":{"line":73,"column":4},"end":{"line":73,"column":39}},"38":{"start":{"line":76,"column":2},"end":{"line":136,"column":4}},"39":{"start":{"line":139,"column":15},"end":{"line":153,"column":2}}},"fnMap":{"0":{"name":"(anonymous_0)","decl":{"start":{"line":10,"column":18},"end":{"line":10,"column":19}},"loc":{"start":{"line":10,"column":29},"end":{"line":137,"column":1}},"line":10},"1":{"name":"(anonymous_1)","decl":{"start":{"line":25,"column":12},"end":{"line":25,"column":13}},"loc":{"start":{"line":25,"column":18},"end":{"line":35,"column":3}},"line":25},"2":{"name":"(anonymous_2)","decl":{"start":{"line":26,"column":45},"end":{"line":26,"column":46}},"loc":{"start":{"line":26,"column":59},"end":{"line":34,"column":5}},"line":26},"3":{"name":"(anonymous_3)","decl":{"start":{"line":32,"column":6},"end":{"line":32,"column":7}},"loc":{"start":{"line":32,"column":17},"end":{"line":32,"column":40}},"line":32},"4":{"name":"(anonymous_4)","decl":{"start":{"line":38,"column":19},"end":{"line":38,"column":20}},"loc":{"start":{"line":38,"column":25},"end":{"line":45,"column":3}},"line":38},"5":{"name":"(anonymous_5)","decl":{"start":{"line":41,"column":16},"end":{"line":41,"column":17}},"loc":{"start":{"line":41,"column":22},"end":{"line":43,"column":7}},"line":41},"6":{"name":"(anonymous_6)","decl":{"start":{"line":48,"column":12},"end":{"line":48,"column":13}},"loc":{"start":{"line":48,"column":18},"end":{"line":74,"column":3}},"line":48},"7":{"name":"getDirections","decl":{"start":{"line":49,"column":19},"end":{"line":49,"column":32}},"loc":{"start":{"line":49,"column":59},"end":{"line":71,"column":5}},"line":49},"8":{"name":"(anonymous_8)","decl":{"start":{"line":58,"column":32},"end":{"line":58,"column":33}},"loc":{"start":{"line":58,"column":50},"end":{"line":63,"column":9}},"line":58}},"branchMap":{"0":{"loc":{"start":{"line":39,"column":4},"end":{"line":44,"column":5}},"type":"if","locations":[{"start":{"line":39,"column":4},"end":{"line":44,"column":5}},{"start":{"line":39,"column":4},"end":{"line":44,"column":5}}],"line":39},"1":{"loc":{"start":{"line":39,"column":8},"end":{"line":39,"column":45}},"type":"binary-expr","locations":[{"start":{"line":39,"column":8},"end":{"line":39,"column":24}},{"start":{"line":39,"column":28},"end":{"line":39,"column":45}}],"line":39},"2":{"loc":{"start":{"line":87,"column":7},"end":{"line":96,"column":7}},"type":"binary-expr","locations":[{"start":{"line":87,"column":7},"end":{"line":87,"column":17}},{"start":{"line":87,"column":21},"end":{"line":87,"column":32}},{"start":{"line":89,"column":8},"end":{"line":95,"column":10}}],"line":87},"3":{"loc":{"start":{"line":98,"column":7},"end":{"line":107,"column":7}},"type":"binary-expr","locations":[{"start":{"line":98,"column":7},"end":{"line":98,"column":21}},{"start":{"line":98,"column":25},"end":{"line":98,"column":40}},{"start":{"line":100,"column":8},"end":{"line":106,"column":10}}],"line":98},"4":{"loc":{"start":{"line":109,"column":7},"end":{"line":116,"column":7}},"type":"binary-expr","locations":[{"start":{"line":109,"column":7},"end":{"line":109,"column":17}},{"start":{"line":109,"column":21},"end":{"line":109,"column":32}},{"start":{"line":109,"column":36},"end":{"line":109,"column":47}},{"start":{"line":111,"column":8},"end":{"line":115,"column":10}}],"line":109},"5":{"loc":{"start":{"line":118,"column":7},"end":{"line":134,"column":7}},"type":"binary-expr","locations":[{"start":{"line":118,"column":7},"end":{"line":118,"column":17}},{"start":{"line":118,"column":21},"end":{"line":118,"column":32}},{"start":{"line":118,"column":36},"end":{"line":118,"column":48}},{"start":{"line":120,"column":8},"end":{"line":133,"column":10}}],"line":118}},"s":{"0":3,"1":1,"2":1,"3":1,"4":1,"5":1,"6":1,"7":1,"8":1,"9":1,"10":1,"11":1,"12":0,"13":0,"14":0,"15":0,"16":0,"17":0,"18":0,"19":1,"20":0,"21":0,"22":0,"23":0,"24":1,"25":0,"26":0,"27":0,"28":0,"29":0,"30":0,"31":0,"32":0,"33":0,"34":0,"35":0,"36":0,"37":0,"38":1,"39":3},"f":{"0":1,"1":0,"2":0,"3":0,"4":0,"5":0,"6":0,"7":0,"8":0},"b":{"0":[0,0],"1":[0,0],"2":[1,0,0],"3":[1,0,0],"4":[1,0,0,0],"5":[1,0,0,0]},"_coverageSchema":"1a1c01bbd47fc00a2c39e90264f33305004495a9","hash":"0f7e93c1f2969d15d5151bfce24e72ec9dc720d0"}
,"C:\\Users\\tala1\\Skrivebord\\DTU\\6.semester\\ReactNativeUdemy\\ReactNative\\rn-blue-market\\screens\\PaymentScreen.js": {"path":"C:\\Users\\tala1\\Skrivebord\\DTU\\6.semester\\ReactNativeUdemy\\ReactNative\\rn-blue-market\\screens\\PaymentScreen.js","statementMap":{"0":{"start":{"line":13,"column":22},"end":{"line":115,"column":1}},"1":{"start":{"line":14,"column":34},"end":{"line":14,"column":46}},"2":{"start":{"line":15,"column":38},"end":{"line":15,"column":50}},"3":{"start":{"line":16,"column":36},"end":{"line":16,"column":48}},"4":{"start":{"line":18,"column":46},"end":{"line":18,"column":61}},"5":{"start":{"line":19,"column":44},"end":{"line":19,"column":59}},"6":{"start":{"line":20,"column":50},"end":{"line":20,"column":65}},"7":{"start":{"line":22,"column":20},"end":{"line":22,"column":58}},"8":{"start":{"line":23,"column":22},"end":{"line":23,"column":62}},"9":{"start":{"line":25,"column":19},"end":{"line":25,"column":32}},"10":{"start":{"line":28,"column":22},"end":{"line":35,"column":3}},"11":{"start":{"line":29,"column":4},"end":{"line":33,"column":5}},"12":{"start":{"line":30,"column":6},"end":{"line":30,"column":30}},"13":{"start":{"line":32,"column":6},"end":{"line":32,"column":29}},"14":{"start":{"line":34,"column":4},"end":{"line":34,"column":26}},"15":{"start":{"line":38,"column":21},"end":{"line":45,"column":3}},"16":{"start":{"line":39,"column":4},"end":{"line":43,"column":5}},"17":{"start":{"line":40,"column":6},"end":{"line":40,"column":29}},"18":{"start":{"line":42,"column":6},"end":{"line":42,"column":28}},"19":{"start":{"line":44,"column":4},"end":{"line":44,"column":25}},"20":{"start":{"line":48,"column":21},"end":{"line":55,"column":3}},"21":{"start":{"line":49,"column":4},"end":{"line":53,"column":5}},"22":{"start":{"line":50,"column":6},"end":{"line":50,"column":32}},"23":{"start":{"line":52,"column":6},"end":{"line":52,"column":31}},"24":{"start":{"line":54,"column":4},"end":{"line":54,"column":27}},"25":{"start":{"line":57,"column":2},"end":{"line":114,"column":4}},"26":{"start":{"line":100,"column":14},"end":{"line":108,"column":15}},"27":{"start":{"line":101,"column":16},"end":{"line":103,"column":19}},"28":{"start":{"line":104,"column":16},"end":{"line":104,"column":23}},"29":{"start":{"line":107,"column":16},"end":{"line":107,"column":72}},"30":{"start":{"line":117,"column":0},"end":{"line":133,"column":2}},"31":{"start":{"line":118,"column":2},"end":{"line":132,"column":4}},"32":{"start":{"line":127,"column":12},"end":{"line":127,"column":52}},"33":{"start":{"line":135,"column":15},"end":{"line":148,"column":2}}},"fnMap":{"0":{"name":"(anonymous_0)","decl":{"start":{"line":13,"column":22},"end":{"line":13,"column":23}},"loc":{"start":{"line":13,"column":33},"end":{"line":115,"column":1}},"line":13},"1":{"name":"(anonymous_1)","decl":{"start":{"line":28,"column":22},"end":{"line":28,"column":23}},"loc":{"start":{"line":28,"column":36},"end":{"line":35,"column":3}},"line":28},"2":{"name":"(anonymous_2)","decl":{"start":{"line":38,"column":21},"end":{"line":38,"column":22}},"loc":{"start":{"line":38,"column":33},"end":{"line":45,"column":3}},"line":38},"3":{"name":"(anonymous_3)","decl":{"start":{"line":48,"column":21},"end":{"line":48,"column":22}},"loc":{"start":{"line":48,"column":34},"end":{"line":55,"column":3}},"line":48},"4":{"name":"(anonymous_4)","decl":{"start":{"line":99,"column":21},"end":{"line":99,"column":22}},"loc":{"start":{"line":99,"column":27},"end":{"line":109,"column":13}},"line":99},"5":{"name":"(anonymous_5)","decl":{"start":{"line":117,"column":34},"end":{"line":117,"column":35}},"loc":{"start":{"line":117,"column":47},"end":{"line":133,"column":1}},"line":117},"6":{"name":"(anonymous_6)","decl":{"start":{"line":126,"column":19},"end":{"line":126,"column":20}},"loc":{"start":{"line":126,"column":25},"end":{"line":128,"column":11}},"line":126}},"branchMap":{"0":{"loc":{"start":{"line":29,"column":4},"end":{"line":33,"column":5}},"type":"if","locations":[{"start":{"line":29,"column":4},"end":{"line":33,"column":5}},{"start":{"line":29,"column":4},"end":{"line":33,"column":5}}],"line":29},"1":{"loc":{"start":{"line":39,"column":4},"end":{"line":43,"column":5}},"type":"if","locations":[{"start":{"line":39,"column":4},"end":{"line":43,"column":5}},{"start":{"line":39,"column":4},"end":{"line":43,"column":5}}],"line":39},"2":{"loc":{"start":{"line":49,"column":4},"end":{"line":53,"column":5}},"type":"if","locations":[{"start":{"line":49,"column":4},"end":{"line":53,"column":5}},{"start":{"line":49,"column":4},"end":{"line":53,"column":5}}],"line":49},"3":{"loc":{"start":{"line":67,"column":9},"end":{"line":67,"column":60}},"type":"binary-expr","locations":[{"start":{"line":67,"column":9},"end":{"line":67,"column":25}},{"start":{"line":67,"column":29},"end":{"line":67,"column":60}}],"line":67},"4":{"loc":{"start":{"line":77,"column":9},"end":{"line":77,"column":62}},"type":"binary-expr","locations":[{"start":{"line":77,"column":9},"end":{"line":77,"column":27}},{"start":{"line":77,"column":31},"end":{"line":77,"column":62}}],"line":77},"5":{"loc":{"start":{"line":87,"column":9},"end":{"line":87,"column":55}},"type":"binary-expr","locations":[{"start":{"line":87,"column":9},"end":{"line":87,"column":24}},{"start":{"line":87,"column":28},"end":{"line":87,"column":55}}],"line":87},"6":{"loc":{"start":{"line":100,"column":14},"end":{"line":108,"column":15}},"type":"if","locations":[{"start":{"line":100,"column":14},"end":{"line":108,"column":15}},{"start":{"line":100,"column":14},"end":{"line":108,"column":15}}],"line":100},"7":{"loc":{"start":{"line":100,"column":18},"end":{"line":100,"column":75}},"type":"binary-expr","locations":[{"start":{"line":100,"column":18},"end":{"line":100,"column":34}},{"start":{"line":100,"column":38},"end":{"line":100,"column":53}},{"start":{"line":100,"column":57},"end":{"line":100,"column":75}}],"line":100}},"s":{"0":3,"1":1,"2":1,"3":1,"4":1,"5":1,"6":1,"7":1,"8":1,"9":1,"10":0,"11":0,"12":0,"13":0,"14":0,"15":0,"16":0,"17":0,"18":0,"19":0,"20":0,"21":0,"22":0,"23":0,"24":0,"25":0,"26":0,"27":0,"28":0,"29":0,"30":3,"31":0,"32":0,"33":3},"f":{"0":1,"1":0,"2":0,"3":0,"4":0,"5":0,"6":0},"b":{"0":[0,0],"1":[0,0],"2":[0,0],"3":[0,0],"4":[0,0],"5":[0,0],"6":[0,0],"7":[0,0,0]},"_coverageSchema":"1a1c01bbd47fc00a2c39e90264f33305004495a9","hash":"fd60e19537d97f95fe38509a89f6036ce87bee04"}
,"C:\\Users\\tala1\\Skrivebord\\DTU\\6.semester\\ReactNativeUdemy\\ReactNative\\rn-blue-market\\screens\\ProductDetailsScreen.js": {"path":"C:\\Users\\tala1\\Skrivebord\\DTU\\6.semester\\ReactNativeUdemy\\ReactNative\\rn-blue-market\\screens\\ProductDetailsScreen.js","statementMap":{"0":{"start":{"line":18,"column":29},"end":{"line":69,"column":1}},"1":{"start":{"line":20,"column":28},"end":{"line":22,"column":3}},"2":{"start":{"line":21,"column":15},"end":{"line":21,"column":47}},"3":{"start":{"line":24,"column":20},"end":{"line":24,"column":58}},"4":{"start":{"line":25,"column":27},"end":{"line":27,"column":3}},"5":{"start":{"line":26,"column":14},"end":{"line":26,"column":35}},"6":{"start":{"line":29,"column":19},"end":{"line":29,"column":32}},"7":{"start":{"line":32,"column":2},"end":{"line":68,"column":4}},"8":{"start":{"line":45,"column":12},"end":{"line":45,"column":42}},"9":{"start":{"line":46,"column":12},"end":{"line":46,"column":42}},"10":{"start":{"line":47,"column":12},"end":{"line":51,"column":13}},"11":{"start":{"line":48,"column":14},"end":{"line":48,"column":64}},"12":{"start":{"line":50,"column":14},"end":{"line":50,"column":43}},"13":{"start":{"line":60,"column":12},"end":{"line":63,"column":15}},"14":{"start":{"line":72,"column":0},"end":{"line":88,"column":2}},"15":{"start":{"line":73,"column":2},"end":{"line":87,"column":4}},"16":{"start":{"line":82,"column":12},"end":{"line":82,"column":50}},"17":{"start":{"line":91,"column":15},"end":{"line":128,"column":2}}},"fnMap":{"0":{"name":"(anonymous_0)","decl":{"start":{"line":18,"column":29},"end":{"line":18,"column":30}},"loc":{"start":{"line":18,"column":40},"end":{"line":69,"column":1}},"line":18},"1":{"name":"(anonymous_1)","decl":{"start":{"line":21,"column":4},"end":{"line":21,"column":5}},"loc":{"start":{"line":21,"column":15},"end":{"line":21,"column":47}},"line":21},"2":{"name":"(anonymous_2)","decl":{"start":{"line":26,"column":4},"end":{"line":26,"column":5}},"loc":{"start":{"line":26,"column":14},"end":{"line":26,"column":35}},"line":26},"3":{"name":"(anonymous_3)","decl":{"start":{"line":44,"column":19},"end":{"line":44,"column":20}},"loc":{"start":{"line":44,"column":25},"end":{"line":52,"column":11}},"line":44},"4":{"name":"(anonymous_4)","decl":{"start":{"line":59,"column":19},"end":{"line":59,"column":20}},"loc":{"start":{"line":59,"column":25},"end":{"line":64,"column":11}},"line":59},"5":{"name":"(anonymous_5)","decl":{"start":{"line":72,"column":41},"end":{"line":72,"column":42}},"loc":{"start":{"line":72,"column":54},"end":{"line":88,"column":1}},"line":72},"6":{"name":"(anonymous_6)","decl":{"start":{"line":81,"column":19},"end":{"line":81,"column":20}},"loc":{"start":{"line":81,"column":25},"end":{"line":83,"column":11}},"line":81}},"branchMap":{"0":{"loc":{"start":{"line":47,"column":12},"end":{"line":51,"column":13}},"type":"if","locations":[{"start":{"line":47,"column":12},"end":{"line":51,"column":13}},{"start":{"line":47,"column":12},"end":{"line":51,"column":13}}],"line":47}},"s":{"0":3,"1":1,"2":1,"3":0,"4":0,"5":0,"6":0,"7":0,"8":0,"9":0,"10":0,"11":0,"12":0,"13":0,"14":3,"15":0,"16":0,"17":3},"f":{"0":1,"1":1,"2":0,"3":0,"4":0,"5":0,"6":0},"b":{"0":[0,0]},"_coverageSchema":"1a1c01bbd47fc00a2c39e90264f33305004495a9","hash":"363c632052cca0f1eb80f3087eeedf90a43f4159"}
,"C:\\Users\\tala1\\Skrivebord\\DTU\\6.semester\\ReactNativeUdemy\\ReactNative\\rn-blue-market\\screens\\ProductsScreen.js": {"path":"C:\\Users\\tala1\\Skrivebord\\DTU\\6.semester\\ReactNativeUdemy\\ReactNative\\rn-blue-market\\screens\\ProductsScreen.js","statementMap":{"0":{"start":{"line":18,"column":23},"end":{"line":110,"column":1}},"1":{"start":{"line":19,"column":26},"end":{"line":19,"column":40}},"2":{"start":{"line":20,"column":34},"end":{"line":20,"column":46}},"3":{"start":{"line":21,"column":20},"end":{"line":21,"column":76}},"4":{"start":{"line":21,"column":43},"end":{"line":21,"column":75}},"5":{"start":{"line":23,"column":44},"end":{"line":23,"column":58}},"6":{"start":{"line":25,"column":38},"end":{"line":25,"column":53}},"7":{"start":{"line":27,"column":19},"end":{"line":27,"column":32}},"8":{"start":{"line":29,"column":2},"end":{"line":44,"column":9}},"9":{"start":{"line":30,"column":4},"end":{"line":43,"column":7}},"10":{"start":{"line":31,"column":6},"end":{"line":41,"column":7}},"11":{"start":{"line":34,"column":8},"end":{"line":34,"column":38}},"12":{"start":{"line":35,"column":8},"end":{"line":35,"column":30}},"13":{"start":{"line":38,"column":8},"end":{"line":38,"column":24}},"14":{"start":{"line":40,"column":8},"end":{"line":40,"column":37}},"15":{"start":{"line":42,"column":6},"end":{"line":42,"column":20}},"16":{"start":{"line":46,"column":2},"end":{"line":48,"column":17}},"17":{"start":{"line":47,"column":4},"end":{"line":47,"column":45}},"18":{"start":{"line":50,"column":2},"end":{"line":52,"column":18}},"19":{"start":{"line":51,"column":4},"end":{"line":51,"column":32}},"20":{"start":{"line":54,"column":29},"end":{"line":56,"column":4}},"21":{"start":{"line":55,"column":4},"end":{"line":55,"column":53}},"22":{"start":{"line":57,"column":30},"end":{"line":59,"column":4}},"23":{"start":{"line":58,"column":4},"end":{"line":58,"column":53}},"24":{"start":{"line":61,"column":20},"end":{"line":67,"column":3}},"25":{"start":{"line":62,"column":4},"end":{"line":62,"column":24}},"26":{"start":{"line":64,"column":4},"end":{"line":64,"column":45}},"27":{"start":{"line":66,"column":4},"end":{"line":66,"column":25}},"28":{"start":{"line":68,"column":2},"end":{"line":109,"column":4}},"29":{"start":{"line":75,"column":51},"end":{"line":75,"column":78}},"30":{"start":{"line":88,"column":32},"end":{"line":88,"column":39}},"31":{"start":{"line":90,"column":10},"end":{"line":105,"column":12}},"32":{"start":{"line":95,"column":14},"end":{"line":98,"column":17}},"33":{"start":{"line":101,"column":14},"end":{"line":101,"column":44}},"34":{"start":{"line":102,"column":14},"end":{"line":102,"column":41}},"35":{"start":{"line":103,"column":14},"end":{"line":103,"column":61}},"36":{"start":{"line":112,"column":0},"end":{"line":138,"column":2}},"37":{"start":{"line":113,"column":2},"end":{"line":137,"column":4}},"38":{"start":{"line":121,"column":12},"end":{"line":121,"column":46}},"39":{"start":{"line":132,"column":12},"end":{"line":132,"column":50}},"40":{"start":{"line":140,"column":15},"end":{"line":151,"column":2}}},"fnMap":{"0":{"name":"(anonymous_0)","decl":{"start":{"line":18,"column":23},"end":{"line":18,"column":24}},"loc":{"start":{"line":18,"column":34},"end":{"line":110,"column":1}},"line":18},"1":{"name":"(anonymous_1)","decl":{"start":{"line":21,"column":32},"end":{"line":21,"column":33}},"loc":{"start":{"line":21,"column":43},"end":{"line":21,"column":75}},"line":21},"2":{"name":"(anonymous_2)","decl":{"start":{"line":29,"column":12},"end":{"line":29,"column":13}},"loc":{"start":{"line":29,"column":18},"end":{"line":44,"column":3}},"line":29},"3":{"name":"(anonymous_3)","decl":{"start":{"line":30,"column":39},"end":{"line":30,"column":40}},"loc":{"start":{"line":30,"column":55},"end":{"line":43,"column":5}},"line":30},"4":{"name":"(anonymous_4)","decl":{"start":{"line":46,"column":12},"end":{"line":46,"column":13}},"loc":{"start":{"line":46,"column":18},"end":{"line":48,"column":3}},"line":46},"5":{"name":"(anonymous_5)","decl":{"start":{"line":50,"column":12},"end":{"line":50,"column":13}},"loc":{"start":{"line":50,"column":18},"end":{"line":52,"column":3}},"line":50},"6":{"name":"(anonymous_6)","decl":{"start":{"line":54,"column":53},"end":{"line":54,"column":54}},"loc":{"start":{"line":54,"column":63},"end":{"line":56,"column":3}},"line":54},"7":{"name":"(anonymous_7)","decl":{"start":{"line":57,"column":54},"end":{"line":57,"column":55}},"loc":{"start":{"line":57,"column":64},"end":{"line":59,"column":3}},"line":57},"8":{"name":"(anonymous_8)","decl":{"start":{"line":61,"column":20},"end":{"line":61,"column":21}},"loc":{"start":{"line":61,"column":26},"end":{"line":67,"column":3}},"line":61},"9":{"name":"(anonymous_9)","decl":{"start":{"line":75,"column":25},"end":{"line":75,"column":26}},"loc":{"start":{"line":75,"column":51},"end":{"line":75,"column":78}},"line":75},"10":{"name":"(anonymous_10)","decl":{"start":{"line":88,"column":22},"end":{"line":88,"column":23}},"loc":{"start":{"line":88,"column":32},"end":{"line":88,"column":39}},"line":88},"11":{"name":"(anonymous_11)","decl":{"start":{"line":89,"column":20},"end":{"line":89,"column":21}},"loc":{"start":{"line":90,"column":10},"end":{"line":105,"column":12}},"line":90},"12":{"name":"(anonymous_12)","decl":{"start":{"line":94,"column":26},"end":{"line":94,"column":27}},"loc":{"start":{"line":94,"column":32},"end":{"line":99,"column":13}},"line":94},"13":{"name":"(anonymous_13)","decl":{"start":{"line":100,"column":25},"end":{"line":100,"column":26}},"loc":{"start":{"line":100,"column":31},"end":{"line":104,"column":13}},"line":100},"14":{"name":"(anonymous_14)","decl":{"start":{"line":112,"column":35},"end":{"line":112,"column":36}},"loc":{"start":{"line":112,"column":48},"end":{"line":138,"column":1}},"line":112},"15":{"name":"(anonymous_15)","decl":{"start":{"line":120,"column":19},"end":{"line":120,"column":20}},"loc":{"start":{"line":120,"column":25},"end":{"line":122,"column":11}},"line":120},"16":{"name":"(anonymous_16)","decl":{"start":{"line":131,"column":19},"end":{"line":131,"column":20}},"loc":{"start":{"line":131,"column":25},"end":{"line":133,"column":11}},"line":131}},"branchMap":{"0":{"loc":{"start":{"line":31,"column":6},"end":{"line":41,"column":7}},"type":"if","locations":[{"start":{"line":31,"column":6},"end":{"line":41,"column":7}},{"start":{"line":31,"column":6},"end":{"line":41,"column":7}}],"line":31}},"s":{"0":3,"1":2,"2":2,"3":2,"4":1,"5":0,"6":0,"7":0,"8":0,"9":0,"10":0,"11":0,"12":0,"13":0,"14":0,"15":0,"16":0,"17":0,"18":0,"19":0,"20":0,"21":0,"22":0,"23":0,"24":0,"25":0,"26":0,"27":0,"28":0,"29":0,"30":0,"31":0,"32":0,"33":0,"34":0,"35":0,"36":3,"37":1,"38":0,"39":0,"40":3},"f":{"0":2,"1":1,"2":0,"3":0,"4":0,"5":0,"6":0,"7":0,"8":0,"9":0,"10":0,"11":0,"12":0,"13":0,"14":1,"15":0,"16":0},"b":{"0":[0,0]},"_coverageSchema":"1a1c01bbd47fc00a2c39e90264f33305004495a9","hash":"7f1588a3ecf9990f205c9b052124d9fe593d4f8d"}
,"C:\\Users\\tala1\\Skrivebord\\DTU\\6.semester\\ReactNativeUdemy\\ReactNative\\rn-blue-market\\screens\\SellProductScreen.js": {"path":"C:\\Users\\tala1\\Skrivebord\\DTU\\6.semester\\ReactNativeUdemy\\ReactNative\\rn-blue-market\\screens\\SellProductScreen.js","statementMap":{"0":{"start":{"line":15,"column":53},"end":{"line":15,"column":77}},"1":{"start":{"line":16,"column":26},"end":{"line":215,"column":1}},"2":{"start":{"line":21,"column":6},"end":{"line":21,"column":67}},"3":{"start":{"line":27,"column":6},"end":{"line":27,"column":74}},"4":{"start":{"line":29,"column":38},"end":{"line":29,"column":50}},"5":{"start":{"line":30,"column":28},"end":{"line":30,"column":40}},"6":{"start":{"line":31,"column":28},"end":{"line":31,"column":40}},"7":{"start":{"line":32,"column":40},"end":{"line":32,"column":52}},"8":{"start":{"line":33,"column":32},"end":{"line":33,"column":47}},"9":{"start":{"line":34,"column":42},"end":{"line":34,"column":56}},"10":{"start":{"line":36,"column":32},"end":{"line":52,"column":3}},"11":{"start":{"line":37,"column":4},"end":{"line":37,"column":34}},"12":{"start":{"line":38,"column":4},"end":{"line":41,"column":5}},"13":{"start":{"line":39,"column":6},"end":{"line":39,"column":51}},"14":{"start":{"line":40,"column":6},"end":{"line":40,"column":13}},"15":{"start":{"line":44,"column":17},"end":{"line":47,"column":6}},"16":{"start":{"line":48,"column":4},"end":{"line":51,"column":5}},"17":{"start":{"line":49,"column":6},"end":{"line":49,"column":32}},"18":{"start":{"line":50,"column":6},"end":{"line":50,"column":29}},"19":{"start":{"line":54,"column":34},"end":{"line":71,"column":3}},"20":{"start":{"line":56,"column":4},"end":{"line":56,"column":35}},"21":{"start":{"line":57,"column":4},"end":{"line":60,"column":5}},"22":{"start":{"line":58,"column":6},"end":{"line":58,"column":51}},"23":{"start":{"line":59,"column":6},"end":{"line":59,"column":13}},"24":{"start":{"line":62,"column":17},"end":{"line":65,"column":6}},"25":{"start":{"line":66,"column":4},"end":{"line":70,"column":5}},"26":{"start":{"line":67,"column":6},"end":{"line":67,"column":32}},"27":{"start":{"line":69,"column":6},"end":{"line":69,"column":29}},"28":{"start":{"line":73,"column":22},"end":{"line":105,"column":3}},"29":{"start":{"line":74,"column":22},"end":{"line":74,"column":58}},"30":{"start":{"line":75,"column":4},"end":{"line":75,"column":27}},"31":{"start":{"line":77,"column":21},"end":{"line":77,"column":44}},"32":{"start":{"line":78,"column":17},"end":{"line":78,"column":38}},"33":{"start":{"line":80,"column":17},"end":{"line":80,"column":68}},"34":{"start":{"line":82,"column":25},"end":{"line":84,"column":5}},"35":{"start":{"line":83,"column":6},"end":{"line":83,"column":63}},"36":{"start":{"line":86,"column":26},"end":{"line":94,"column":5}},"37":{"start":{"line":87,"column":6},"end":{"line":93,"column":9}},"38":{"start":{"line":88,"column":8},"end":{"line":88,"column":25}},"39":{"start":{"line":89,"column":8},"end":{"line":92,"column":11}},"40":{"start":{"line":90,"column":10},"end":{"line":90,"column":36}},"41":{"start":{"line":91,"column":10},"end":{"line":91,"column":28}},"42":{"start":{"line":96,"column":22},"end":{"line":102,"column":5}},"43":{"start":{"line":97,"column":6},"end":{"line":97,"column":23}},"44":{"start":{"line":98,"column":6},"end":{"line":98,"column":40}},"45":{"start":{"line":99,"column":6},"end":{"line":99,"column":46}},"46":{"start":{"line":100,"column":6},"end":{"line":100,"column":28}},"47":{"start":{"line":101,"column":6},"end":{"line":101,"column":24}},"48":{"start":{"line":104,"column":4},"end":{"line":104,"column":69}},"49":{"start":{"line":107,"column":18},"end":{"line":144,"column":3}},"50":{"start":{"line":108,"column":4},"end":{"line":108,"column":21}},"51":{"start":{"line":109,"column":19},"end":{"line":109,"column":36}},"52":{"start":{"line":110,"column":14},"end":{"line":110,"column":45}},"53":{"start":{"line":113,"column":15},"end":{"line":121,"column":5}},"54":{"start":{"line":122,"column":4},"end":{"line":143,"column":5}},"55":{"start":{"line":123,"column":28},"end":{"line":126,"column":14}},"56":{"start":{"line":127,"column":18},"end":{"line":137,"column":8}},"57":{"start":{"line":128,"column":8},"end":{"line":128,"column":35}},"58":{"start":{"line":129,"column":8},"end":{"line":136,"column":9}},"59":{"start":{"line":130,"column":10},"end":{"line":135,"column":13}},"60":{"start":{"line":131,"column":12},"end":{"line":134,"column":15}},"61":{"start":{"line":142,"column":6},"end":{"line":142,"column":25}},"62":{"start":{"line":146,"column":2},"end":{"line":148,"column":3}},"63":{"start":{"line":147,"column":4},"end":{"line":147,"column":23}},"64":{"start":{"line":150,"column":2},"end":{"line":214,"column":4}},"65":{"start":{"line":162,"column":31},"end":{"line":162,"column":54}},"66":{"start":{"line":166,"column":27},"end":{"line":166,"column":52}},"67":{"start":{"line":178,"column":37},"end":{"line":178,"column":52}},"68":{"start":{"line":185,"column":37},"end":{"line":185,"column":52}},"69":{"start":{"line":203,"column":43},"end":{"line":203,"column":70}},"70":{"start":{"line":209,"column":27},"end":{"line":209,"column":61}},"71":{"start":{"line":217,"column":15},"end":{"line":253,"column":2}}},"fnMap":{"0":{"name":"(anonymous_0)","decl":{"start":{"line":16,"column":26},"end":{"line":16,"column":27}},"loc":{"start":{"line":16,"column":37},"end":{"line":215,"column":1}},"line":16},"1":{"name":"(anonymous_1)","decl":{"start":{"line":36,"column":32},"end":{"line":36,"column":33}},"loc":{"start":{"line":36,"column":44},"end":{"line":52,"column":3}},"line":36},"2":{"name":"(anonymous_2)","decl":{"start":{"line":54,"column":34},"end":{"line":54,"column":35}},"loc":{"start":{"line":54,"column":46},"end":{"line":71,"column":3}},"line":54},"3":{"name":"(anonymous_3)","decl":{"start":{"line":73,"column":22},"end":{"line":73,"column":23}},"loc":{"start":{"line":73,"column":44},"end":{"line":105,"column":3}},"line":73},"4":{"name":"(anonymous_4)","decl":{"start":{"line":82,"column":25},"end":{"line":82,"column":26}},"loc":{"start":{"line":82,"column":39},"end":{"line":84,"column":5}},"line":82},"5":{"name":"(anonymous_5)","decl":{"start":{"line":86,"column":26},"end":{"line":86,"column":27}},"loc":{"start":{"line":86,"column":32},"end":{"line":94,"column":5}},"line":86},"6":{"name":"(anonymous_6)","decl":{"start":{"line":87,"column":46},"end":{"line":87,"column":47}},"loc":{"start":{"line":87,"column":61},"end":{"line":93,"column":7}},"line":87},"7":{"name":"(anonymous_7)","decl":{"start":{"line":89,"column":50},"end":{"line":89,"column":51}},"loc":{"start":{"line":89,"column":56},"end":{"line":92,"column":9}},"line":89},"8":{"name":"(anonymous_8)","decl":{"start":{"line":96,"column":22},"end":{"line":96,"column":23}},"loc":{"start":{"line":96,"column":36},"end":{"line":102,"column":5}},"line":96},"9":{"name":"(anonymous_9)","decl":{"start":{"line":107,"column":18},"end":{"line":107,"column":19}},"loc":{"start":{"line":107,"column":55},"end":{"line":144,"column":3}},"line":107},"10":{"name":"(anonymous_10)","decl":{"start":{"line":127,"column":47},"end":{"line":127,"column":48}},"loc":{"start":{"line":127,"column":53},"end":{"line":137,"column":7}},"line":127},"11":{"name":"(anonymous_11)","decl":{"start":{"line":130,"column":51},"end":{"line":130,"column":52}},"loc":{"start":{"line":130,"column":65},"end":{"line":135,"column":11}},"line":130},"12":{"name":"(anonymous_12)","decl":{"start":{"line":162,"column":25},"end":{"line":162,"column":26}},"loc":{"start":{"line":162,"column":31},"end":{"line":162,"column":54}},"line":162},"13":{"name":"(anonymous_13)","decl":{"start":{"line":166,"column":21},"end":{"line":166,"column":22}},"loc":{"start":{"line":166,"column":27},"end":{"line":166,"column":52}},"line":166},"14":{"name":"(anonymous_14)","decl":{"start":{"line":178,"column":26},"end":{"line":178,"column":27}},"loc":{"start":{"line":178,"column":37},"end":{"line":178,"column":52}},"line":178},"15":{"name":"(anonymous_15)","decl":{"start":{"line":185,"column":26},"end":{"line":185,"column":27}},"loc":{"start":{"line":185,"column":37},"end":{"line":185,"column":52}},"line":185},"16":{"name":"(anonymous_16)","decl":{"start":{"line":203,"column":26},"end":{"line":203,"column":27}},"loc":{"start":{"line":203,"column":43},"end":{"line":203,"column":70}},"line":203},"17":{"name":"(anonymous_17)","decl":{"start":{"line":209,"column":21},"end":{"line":209,"column":22}},"loc":{"start":{"line":209,"column":27},"end":{"line":209,"column":61}},"line":209}},"branchMap":{"0":{"loc":{"start":{"line":38,"column":4},"end":{"line":41,"column":5}},"type":"if","locations":[{"start":{"line":38,"column":4},"end":{"line":41,"column":5}},{"start":{"line":38,"column":4},"end":{"line":41,"column":5}}],"line":38},"1":{"loc":{"start":{"line":38,"column":8},"end":{"line":38,"column":60}},"type":"binary-expr","locations":[{"start":{"line":38,"column":8},"end":{"line":38,"column":22}},{"start":{"line":38,"column":26},"end":{"line":38,"column":60}}],"line":38},"2":{"loc":{"start":{"line":48,"column":4},"end":{"line":51,"column":5}},"type":"if","locations":[{"start":{"line":48,"column":4},"end":{"line":51,"column":5}},{"start":{"line":48,"column":4},"end":{"line":51,"column":5}}],"line":48},"3":{"loc":{"start":{"line":57,"column":4},"end":{"line":60,"column":5}},"type":"if","locations":[{"start":{"line":57,"column":4},"end":{"line":60,"column":5}},{"start":{"line":57,"column":4},"end":{"line":60,"column":5}}],"line":57},"4":{"loc":{"start":{"line":57,"column":8},"end":{"line":57,"column":68}},"type":"binary-expr","locations":[{"start":{"line":57,"column":8},"end":{"line":57,"column":26}},{"start":{"line":57,"column":30},"end":{"line":57,"column":68}}],"line":57},"5":{"loc":{"start":{"line":66,"column":4},"end":{"line":70,"column":5}},"type":"if","locations":[{"start":{"line":66,"column":4},"end":{"line":70,"column":5}},{"start":{"line":66,"column":4},"end":{"line":70,"column":5}}],"line":66},"6":{"loc":{"start":{"line":129,"column":8},"end":{"line":136,"column":9}},"type":"if","locations":[{"start":{"line":129,"column":8},"end":{"line":136,"column":9}},{"start":{"line":129,"column":8},"end":{"line":136,"column":9}}],"line":129},"7":{"loc":{"start":{"line":146,"column":2},"end":{"line":148,"column":3}},"type":"if","locations":[{"start":{"line":146,"column":2},"end":{"line":148,"column":3}},{"start":{"line":146,"column":2},"end":{"line":148,"column":3}}],"line":146},"8":{"loc":{"start":{"line":157,"column":14},"end":{"line":159,"column":37}},"type":"cond-expr","locations":[{"start":{"line":158,"column":18},"end":{"line":158,"column":56}},{"start":{"line":159,"column":18},"end":{"line":159,"column":37}}],"line":157}},"s":{"0":3,"1":3,"2":1,"3":1,"4":1,"5":1,"6":1,"7":1,"8":1,"9":1,"10":1,"11":0,"12":0,"13":0,"14":0,"15":0,"16":0,"17":0,"18":0,"19":1,"20":0,"21":0,"22":0,"23":0,"24":0,"25":0,"26":0,"27":0,"28":1,"29":0,"30":0,"31":0,"32":0,"33":0,"34":0,"35":0,"36":0,"37":0,"38":0,"39":0,"40":0,"41":0,"42":0,"43":0,"44":0,"45":0,"46":0,"47":0,"48":0,"49":1,"50":0,"51":0,"52":0,"53":0,"54":0,"55":0,"56":0,"57":0,"58":0,"59":0,"60":0,"61":0,"62":1,"63":0,"64":1,"65":0,"66":0,"67":0,"68":0,"69":0,"70":0,"71":3},"f":{"0":1,"1":0,"2":0,"3":0,"4":0,"5":0,"6":0,"7":0,"8":0,"9":0,"10":0,"11":0,"12":0,"13":0,"14":0,"15":0,"16":0,"17":0},"b":{"0":[0,0],"1":[0,0],"2":[0,0],"3":[0,0],"4":[0,0],"5":[0,0],"6":[0,0],"7":[0,1],"8":[1,0]},"_coverageSchema":"1a1c01bbd47fc00a2c39e90264f33305004495a9","hash":"bdb596de4d1cdae33046dedc9049aa390ca86028"}
,"C:\\Users\\tala1\\Skrivebord\\DTU\\6.semester\\ReactNativeUdemy\\ReactNative\\rn-blue-market\\screens\\SignInScreen.js": {"path":"C:\\Users\\tala1\\Skrivebord\\DTU\\6.semester\\ReactNativeUdemy\\ReactNative\\rn-blue-market\\screens\\SignInScreen.js","statementMap":{"0":{"start":{"line":18,"column":28},"end":{"line":18,"column":40}},"1":{"start":{"line":19,"column":34},"end":{"line":19,"column":46}},"2":{"start":{"line":20,"column":32},"end":{"line":20,"column":47}},"3":{"start":{"line":22,"column":32},"end":{"line":22,"column":47}},"4":{"start":{"line":23,"column":42},"end":{"line":23,"column":54}},"5":{"start":{"line":25,"column":28},"end":{"line":25,"column":51}},"6":{"start":{"line":25,"column":34},"end":{"line":25,"column":51}},"7":{"start":{"line":27,"column":16},"end":{"line":47,"column":3}},"8":{"start":{"line":28,"column":4},"end":{"line":28,"column":21}},"9":{"start":{"line":31,"column":4},"end":{"line":44,"column":9}},"10":{"start":{"line":37,"column":8},"end":{"line":37,"column":33}},"11":{"start":{"line":38,"column":8},"end":{"line":38,"column":36}},"12":{"start":{"line":41,"column":8},"end":{"line":41,"column":25}},"13":{"start":{"line":42,"column":8},"end":{"line":42,"column":39}},"14":{"start":{"line":43,"column":8},"end":{"line":43,"column":27}},"15":{"start":{"line":46,"column":4},"end":{"line":46,"column":22}},"16":{"start":{"line":49,"column":2},"end":{"line":51,"column":3}},"17":{"start":{"line":50,"column":4},"end":{"line":50,"column":23}},"18":{"start":{"line":53,"column":2},"end":{"line":94,"column":4}},"19":{"start":{"line":60,"column":37},"end":{"line":60,"column":56}},"20":{"start":{"line":66,"column":40},"end":{"line":66,"column":65}},"21":{"start":{"line":72,"column":23},"end":{"line":72,"column":45}},"22":{"start":{"line":79,"column":23},"end":{"line":79,"column":52}},"23":{"start":{"line":97,"column":0},"end":{"line":112,"column":2}},"24":{"start":{"line":98,"column":2},"end":{"line":111,"column":4}},"25":{"start":{"line":106,"column":12},"end":{"line":106,"column":46}},"26":{"start":{"line":113,"column":15},"end":{"line":130,"column":2}}},"fnMap":{"0":{"name":"LoginScreen","decl":{"start":{"line":17,"column":24},"end":{"line":17,"column":35}},"loc":{"start":{"line":17,"column":52},"end":{"line":95,"column":1}},"line":17},"1":{"name":"(anonymous_1)","decl":{"start":{"line":25,"column":28},"end":{"line":25,"column":29}},"loc":{"start":{"line":25,"column":34},"end":{"line":25,"column":51}},"line":25},"2":{"name":"(anonymous_2)","decl":{"start":{"line":27,"column":16},"end":{"line":27,"column":17}},"loc":{"start":{"line":27,"column":43},"end":{"line":47,"column":3}},"line":27},"3":{"name":"(anonymous_3)","decl":{"start":{"line":34,"column":12},"end":{"line":34,"column":13}},"loc":{"start":{"line":34,"column":22},"end":{"line":39,"column":7}},"line":34},"4":{"name":"(anonymous_4)","decl":{"start":{"line":40,"column":13},"end":{"line":40,"column":14}},"loc":{"start":{"line":40,"column":24},"end":{"line":44,"column":7}},"line":40},"5":{"name":"(anonymous_5)","decl":{"start":{"line":60,"column":22},"end":{"line":60,"column":23}},"loc":{"start":{"line":60,"column":37},"end":{"line":60,"column":56}},"line":60},"6":{"name":"(anonymous_6)","decl":{"start":{"line":66,"column":22},"end":{"line":66,"column":23}},"loc":{"start":{"line":66,"column":40},"end":{"line":66,"column":65}},"line":66},"7":{"name":"(anonymous_7)","decl":{"start":{"line":72,"column":17},"end":{"line":72,"column":18}},"loc":{"start":{"line":72,"column":23},"end":{"line":72,"column":45}},"line":72},"8":{"name":"(anonymous_8)","decl":{"start":{"line":79,"column":17},"end":{"line":79,"column":18}},"loc":{"start":{"line":79,"column":23},"end":{"line":79,"column":52}},"line":79},"9":{"name":"(anonymous_9)","decl":{"start":{"line":86,"column":19},"end":{"line":86,"column":20}},"loc":{"start":{"line":86,"column":25},"end":{"line":88,"column":11}},"line":86},"10":{"name":"(anonymous_10)","decl":{"start":{"line":97,"column":32},"end":{"line":97,"column":33}},"loc":{"start":{"line":97,"column":45},"end":{"line":112,"column":1}},"line":97},"11":{"name":"(anonymous_11)","decl":{"start":{"line":105,"column":19},"end":{"line":105,"column":20}},"loc":{"start":{"line":105,"column":25},"end":{"line":107,"column":11}},"line":105}},"branchMap":{"0":{"loc":{"start":{"line":49,"column":2},"end":{"line":51,"column":3}},"type":"if","locations":[{"start":{"line":49,"column":2},"end":{"line":51,"column":3}},{"start":{"line":49,"column":2},"end":{"line":51,"column":3}}],"line":49}},"s":{"0":1,"1":1,"2":1,"3":1,"4":1,"5":1,"6":0,"7":1,"8":0,"9":0,"10":0,"11":0,"12":0,"13":0,"14":0,"15":0,"16":1,"17":0,"18":1,"19":0,"20":0,"21":0,"22":0,"23":3,"24":0,"25":0,"26":3},"f":{"0":1,"1":0,"2":0,"3":0,"4":0,"5":0,"6":0,"7":0,"8":0,"9":0,"10":0,"11":0},"b":{"0":[0,1]},"_coverageSchema":"1a1c01bbd47fc00a2c39e90264f33305004495a9","hash":"731b99a1500a0fd2a16698fd75110df81d97d09d"}
,"C:\\Users\\tala1\\Skrivebord\\DTU\\6.semester\\ReactNativeUdemy\\ReactNative\\rn-blue-market\\screens\\SignUpScreen.js": {"path":"C:\\Users\\tala1\\Skrivebord\\DTU\\6.semester\\ReactNativeUdemy\\ReactNative\\rn-blue-market\\screens\\SignUpScreen.js","statementMap":{"0":{"start":{"line":27,"column":6},"end":{"line":27,"column":67}},"1":{"start":{"line":33,"column":6},"end":{"line":33,"column":74}},"2":{"start":{"line":35,"column":38},"end":{"line":35,"column":52}},"3":{"start":{"line":36,"column":38},"end":{"line":36,"column":50}},"4":{"start":{"line":37,"column":36},"end":{"line":37,"column":48}},"5":{"start":{"line":38,"column":34},"end":{"line":38,"column":46}},"6":{"start":{"line":39,"column":28},"end":{"line":39,"column":40}},"7":{"start":{"line":40,"column":34},"end":{"line":40,"column":46}},"8":{"start":{"line":41,"column":32},"end":{"line":41,"column":47}},"9":{"start":{"line":43,"column":32},"end":{"line":43,"column":47}},"10":{"start":{"line":44,"column":36},"end":{"line":44,"column":48}},"11":{"start":{"line":45,"column":42},"end":{"line":45,"column":54}},"12":{"start":{"line":47,"column":2},"end":{"line":61,"column":5}},"13":{"start":{"line":48,"column":4},"end":{"line":60,"column":9}},"14":{"start":{"line":50,"column":6},"end":{"line":59,"column":7}},"15":{"start":{"line":51,"column":8},"end":{"line":58,"column":13}},"16":{"start":{"line":57,"column":12},"end":{"line":57,"column":31}},"17":{"start":{"line":63,"column":28},"end":{"line":63,"column":51}},"18":{"start":{"line":63,"column":34},"end":{"line":63,"column":51}},"19":{"start":{"line":65,"column":32},"end":{"line":84,"column":3}},"20":{"start":{"line":66,"column":4},"end":{"line":66,"column":34}},"21":{"start":{"line":67,"column":4},"end":{"line":71,"column":5}},"22":{"start":{"line":68,"column":6},"end":{"line":68,"column":23}},"23":{"start":{"line":69,"column":6},"end":{"line":69,"column":78}},"24":{"start":{"line":70,"column":6},"end":{"line":70,"column":13}},"25":{"start":{"line":74,"column":17},"end":{"line":79,"column":6}},"26":{"start":{"line":80,"column":4},"end":{"line":83,"column":5}},"27":{"start":{"line":81,"column":6},"end":{"line":81,"column":27}},"28":{"start":{"line":82,"column":6},"end":{"line":82,"column":32}},"29":{"start":{"line":86,"column":34},"end":{"line":105,"column":3}},"30":{"start":{"line":88,"column":4},"end":{"line":88,"column":35}},"31":{"start":{"line":89,"column":4},"end":{"line":93,"column":5}},"32":{"start":{"line":90,"column":6},"end":{"line":90,"column":23}},"33":{"start":{"line":91,"column":6},"end":{"line":91,"column":79}},"34":{"start":{"line":92,"column":6},"end":{"line":92,"column":13}},"35":{"start":{"line":95,"column":17},"end":{"line":100,"column":6}},"36":{"start":{"line":101,"column":4},"end":{"line":104,"column":5}},"37":{"start":{"line":102,"column":6},"end":{"line":102,"column":27}},"38":{"start":{"line":103,"column":6},"end":{"line":103,"column":32}},"39":{"start":{"line":107,"column":22},"end":{"line":142,"column":3}},"40":{"start":{"line":108,"column":22},"end":{"line":110,"column":29}},"41":{"start":{"line":111,"column":4},"end":{"line":111,"column":27}},"42":{"start":{"line":113,"column":21},"end":{"line":113,"column":44}},"43":{"start":{"line":114,"column":17},"end":{"line":114,"column":38}},"44":{"start":{"line":116,"column":17},"end":{"line":116,"column":68}},"45":{"start":{"line":118,"column":25},"end":{"line":120,"column":5}},"46":{"start":{"line":119,"column":6},"end":{"line":119,"column":63}},"47":{"start":{"line":122,"column":26},"end":{"line":131,"column":5}},"48":{"start":{"line":123,"column":6},"end":{"line":130,"column":9}},"49":{"start":{"line":124,"column":8},"end":{"line":124,"column":25}},"50":{"start":{"line":125,"column":8},"end":{"line":127,"column":11}},"51":{"start":{"line":129,"column":8},"end":{"line":129,"column":34}},"52":{"start":{"line":133,"column":22},"end":{"line":139,"column":5}},"53":{"start":{"line":134,"column":6},"end":{"line":134,"column":23}},"54":{"start":{"line":135,"column":6},"end":{"line":135,"column":32}},"55":{"start":{"line":136,"column":6},"end":{"line":136,"column":40}},"56":{"start":{"line":137,"column":6},"end":{"line":137,"column":46}},"57":{"start":{"line":138,"column":6},"end":{"line":138,"column":28}},"58":{"start":{"line":141,"column":4},"end":{"line":141,"column":69}},"59":{"start":{"line":144,"column":19},"end":{"line":169,"column":3}},"60":{"start":{"line":145,"column":4},"end":{"line":145,"column":21}},"61":{"start":{"line":146,"column":4},"end":{"line":166,"column":5}},"62":{"start":{"line":147,"column":6},"end":{"line":160,"column":11}},"63":{"start":{"line":151,"column":10},"end":{"line":151,"column":24}},"64":{"start":{"line":152,"column":10},"end":{"line":159,"column":15}},"65":{"start":{"line":158,"column":14},"end":{"line":158,"column":34}},"66":{"start":{"line":162,"column":6},"end":{"line":162,"column":23}},"67":{"start":{"line":163,"column":6},"end":{"line":163,"column":27}},"68":{"start":{"line":164,"column":6},"end":{"line":164,"column":33}},"69":{"start":{"line":165,"column":6},"end":{"line":165,"column":21}},"70":{"start":{"line":168,"column":4},"end":{"line":168,"column":22}},"71":{"start":{"line":171,"column":2},"end":{"line":173,"column":3}},"72":{"start":{"line":172,"column":4},"end":{"line":172,"column":23}},"73":{"start":{"line":175,"column":2},"end":{"line":244,"column":4}},"74":{"start":{"line":181,"column":29},"end":{"line":181,"column":52}},"75":{"start":{"line":184,"column":29},"end":{"line":184,"column":54}},"76":{"start":{"line":187,"column":29},"end":{"line":187,"column":48}},"77":{"start":{"line":197,"column":43},"end":{"line":197,"column":70}},"78":{"start":{"line":203,"column":42},"end":{"line":203,"column":67}},"79":{"start":{"line":209,"column":39},"end":{"line":209,"column":58}},"80":{"start":{"line":215,"column":42},"end":{"line":215,"column":67}},"81":{"start":{"line":221,"column":25},"end":{"line":221,"column":71}},"82":{"start":{"line":228,"column":25},"end":{"line":228,"column":44}},"83":{"start":{"line":246,"column":15},"end":{"line":291,"column":2}}},"fnMap":{"0":{"name":"SignupScreen","decl":{"start":{"line":22,"column":24},"end":{"line":22,"column":36}},"loc":{"start":{"line":22,"column":53},"end":{"line":245,"column":1}},"line":22},"1":{"name":"(anonymous_1)","decl":{"start":{"line":47,"column":12},"end":{"line":47,"column":13}},"loc":{"start":{"line":47,"column":18},"end":{"line":61,"column":3}},"line":47},"2":{"name":"(anonymous_2)","decl":{"start":{"line":48,"column":5},"end":{"line":48,"column":6}},"loc":{"start":{"line":48,"column":17},"end":{"line":60,"column":5}},"line":48},"3":{"name":"(anonymous_3)","decl":{"start":{"line":56,"column":16},"end":{"line":56,"column":17}},"loc":{"start":{"line":56,"column":25},"end":{"line":58,"column":11}},"line":56},"4":{"name":"(anonymous_4)","decl":{"start":{"line":63,"column":28},"end":{"line":63,"column":29}},"loc":{"start":{"line":63,"column":34},"end":{"line":63,"column":51}},"line":63},"5":{"name":"(anonymous_5)","decl":{"start":{"line":65,"column":32},"end":{"line":65,"column":33}},"loc":{"start":{"line":65,"column":44},"end":{"line":84,"column":3}},"line":65},"6":{"name":"(anonymous_6)","decl":{"start":{"line":86,"column":34},"end":{"line":86,"column":35}},"loc":{"start":{"line":86,"column":46},"end":{"line":105,"column":3}},"line":86},"7":{"name":"(anonymous_7)","decl":{"start":{"line":107,"column":22},"end":{"line":107,"column":23}},"loc":{"start":{"line":107,"column":34},"end":{"line":142,"column":3}},"line":107},"8":{"name":"(anonymous_8)","decl":{"start":{"line":118,"column":25},"end":{"line":118,"column":26}},"loc":{"start":{"line":118,"column":39},"end":{"line":120,"column":5}},"line":118},"9":{"name":"(anonymous_9)","decl":{"start":{"line":122,"column":26},"end":{"line":122,"column":27}},"loc":{"start":{"line":122,"column":32},"end":{"line":131,"column":5}},"line":122},"10":{"name":"(anonymous_10)","decl":{"start":{"line":123,"column":46},"end":{"line":123,"column":47}},"loc":{"start":{"line":123,"column":61},"end":{"line":130,"column":7}},"line":123},"11":{"name":"(anonymous_11)","decl":{"start":{"line":133,"column":22},"end":{"line":133,"column":23}},"loc":{"start":{"line":133,"column":36},"end":{"line":139,"column":5}},"line":133},"12":{"name":"(anonymous_12)","decl":{"start":{"line":144,"column":19},"end":{"line":144,"column":20}},"loc":{"start":{"line":144,"column":67},"end":{"line":169,"column":3}},"line":144},"13":{"name":"(anonymous_13)","decl":{"start":{"line":150,"column":14},"end":{"line":150,"column":15}},"loc":{"start":{"line":150,"column":30},"end":{"line":160,"column":9}},"line":150},"14":{"name":"(anonymous_14)","decl":{"start":{"line":156,"column":18},"end":{"line":156,"column":19}},"loc":{"start":{"line":156,"column":30},"end":{"line":159,"column":13}},"line":156},"15":{"name":"(anonymous_15)","decl":{"start":{"line":181,"column":23},"end":{"line":181,"column":24}},"loc":{"start":{"line":181,"column":29},"end":{"line":181,"column":52}},"line":181},"16":{"name":"(anonymous_16)","decl":{"start":{"line":184,"column":23},"end":{"line":184,"column":24}},"loc":{"start":{"line":184,"column":29},"end":{"line":184,"column":54}},"line":184},"17":{"name":"(anonymous_17)","decl":{"start":{"line":187,"column":23},"end":{"line":187,"column":24}},"loc":{"start":{"line":187,"column":29},"end":{"line":187,"column":48}},"line":187},"18":{"name":"(anonymous_18)","decl":{"start":{"line":197,"column":24},"end":{"line":197,"column":25}},"loc":{"start":{"line":197,"column":43},"end":{"line":197,"column":70}},"line":197},"19":{"name":"(anonymous_19)","decl":{"start":{"line":203,"column":24},"end":{"line":203,"column":25}},"loc":{"start":{"line":203,"column":42},"end":{"line":203,"column":67}},"line":203},"20":{"name":"(anonymous_20)","decl":{"start":{"line":209,"column":24},"end":{"line":209,"column":25}},"loc":{"start":{"line":209,"column":39},"end":{"line":209,"column":58}},"line":209},"21":{"name":"(anonymous_21)","decl":{"start":{"line":215,"column":24},"end":{"line":215,"column":25}},"loc":{"start":{"line":215,"column":42},"end":{"line":215,"column":67}},"line":215},"22":{"name":"(anonymous_22)","decl":{"start":{"line":221,"column":19},"end":{"line":221,"column":20}},"loc":{"start":{"line":221,"column":25},"end":{"line":221,"column":71}},"line":221},"23":{"name":"(anonymous_23)","decl":{"start":{"line":228,"column":19},"end":{"line":228,"column":20}},"loc":{"start":{"line":228,"column":25},"end":{"line":228,"column":44}},"line":228},"24":{"name":"(anonymous_24)","decl":{"start":{"line":236,"column":19},"end":{"line":236,"column":20}},"loc":{"start":{"line":236,"column":25},"end":{"line":238,"column":11}},"line":236}},"branchMap":{"0":{"loc":{"start":{"line":50,"column":6},"end":{"line":59,"column":7}},"type":"if","locations":[{"start":{"line":50,"column":6},"end":{"line":59,"column":7}},{"start":{"line":50,"column":6},"end":{"line":59,"column":7}}],"line":50},"1":{"loc":{"start":{"line":67,"column":4},"end":{"line":71,"column":5}},"type":"if","locations":[{"start":{"line":67,"column":4},"end":{"line":71,"column":5}
[...]
n":6},"end":{"line":160,"column":32}},"77":{"start":{"line":164,"column":2},"end":{"line":170,"column":3}},"78":{"start":{"line":165,"column":4},"end":{"line":169,"column":6}},"79":{"start":{"line":172,"column":2},"end":{"line":352,"column":4}},"80":{"start":{"line":180,"column":31},"end":{"line":180,"column":54}},"81":{"start":{"line":184,"column":27},"end":{"line":184,"column":52}},"82":{"start":{"line":189,"column":31},"end":{"line":189,"column":53}},"83":{"start":{"line":197,"column":27},"end":{"line":197,"column":40}},"84":{"start":{"line":210,"column":41},"end":{"line":210,"column":63}},"85":{"start":{"line":220,"column":14},"end":{"line":233,"column":19}},"86":{"start":{"line":224,"column":18},"end":{"line":224,"column":35}},"87":{"start":{"line":225,"column":18},"end":{"line":225,"column":63}},"88":{"start":{"line":229,"column":18},"end":{"line":230,"column":44}},"89":{"start":{"line":230,"column":20},"end":{"line":230,"column":44}},"90":{"start":{"line":231,"column":18},"end":{"line":231,"column":35}},"91":{"start":{"line":232,"column":18},"end":{"line":232,"column":49}},"92":{"start":{"line":247,"column":44},"end":{"line":247,"column":72}},"93":{"start":{"line":255,"column":14},"end":{"line":268,"column":19}},"94":{"start":{"line":261,"column":18},"end":{"line":261,"column":35}},"95":{"start":{"line":262,"column":18},"end":{"line":262,"column":66}},"96":{"start":{"line":266,"column":18},"end":{"line":266,"column":35}},"97":{"start":{"line":267,"column":18},"end":{"line":267,"column":49}},"98":{"start":{"line":283,"column":44},"end":{"line":283,"column":72}},"99":{"start":{"line":292,"column":14},"end":{"line":305,"column":19}},"100":{"start":{"line":296,"column":18},"end":{"line":296,"column":35}},"101":{"start":{"line":297,"column":18},"end":{"line":297,"column":66}},"102":{"start":{"line":301,"column":18},"end":{"line":302,"column":44}},"103":{"start":{"line":302,"column":20},"end":{"line":302,"column":44}},"104":{"start":{"line":303,"column":18},"end":{"line":303,"column":35}},"105":{"start":{"line":304,"column":18},"end":{"line":304,"column":49}},"106":{"start":{"line":327,"column":14},"end":{"line":327,"column":31}},"107":{"start":{"line":328,"column":14},"end":{"line":328,"column":52}},"108":{"start":{"line":355,"column":0},"end":{"line":370,"column":2}},"109":{"start":{"line":356,"column":2},"end":{"line":369,"column":4}},"110":{"start":{"line":364,"column":12},"end":{"line":364,"column":46}},"111":{"start":{"line":371,"column":15},"end":{"line":435,"column":2}}},"fnMap":{"0":{"name":"(anonymous_0)","decl":{"start":{"line":34,"column":26},"end":{"line":34,"column":27}},"loc":{"start":{"line":34,"column":37},"end":{"line":353,"column":1}},"line":34},"1":{"name":"(anonymous_1)","decl":{"start":{"line":65,"column":12},"end":{"line":65,"column":13}},"loc":{"start":{"line":65,"column":18},"end":{"line":82,"column":3}},"line":65},"2":{"name":"(anonymous_2)","decl":{"start":{"line":66,"column":39},"end":{"line":66,"column":40}},"loc":{"start":{"line":66,"column":55},"end":{"line":81,"column":5}},"line":66},"3":{"name":"(anonymous_3)","decl":{"start":{"line":84,"column":28},"end":{"line":84,"column":29}},"loc":{"start":{"line":84,"column":34},"end":{"line":84,"column":51}},"line":84},"4":{"name":"(anonymous_4)","decl":{"start":{"line":85,"column":36},"end":{"line":85,"column":37}},"loc":{"start":{"line":85,"column":42},"end":{"line":85,"column":66}},"line":85},"5":{"name":"(anonymous_5)","decl":{"start":{"line":87,"column":22},"end":{"line":87,"column":23}},"loc":{"start":{"line":87,"column":34},"end":{"line":118,"column":3}},"line":87},"6":{"name":"(anonymous_6)","decl":{"start":{"line":97,"column":25},"end":{"line":97,"column":26}},"loc":{"start":{"line":97,"column":39},"end":{"line":99,"column":5}},"line":97},"7":{"name":"(anonymous_7)","decl":{"start":{"line":101,"column":26},"end":{"line":101,"column":27}},"loc":{"start":{"line":101,"column":32},"end":{"line":108,"column":5}},"line":101},"8":{"name":"(anonymous_8)","decl":{"start":{"line":102,"column":46},"end":{"line":102,"column":47}},"loc":{"start":{"line":102,"column":61},"end":{"line":107,"column":7}},"line":102},"9":{"name":"(anonymous_9)","decl":{"start":{"line":110,"column":22},"end":{"line":110,"column":23}},"loc":{"start":{"line":110,"column":36},"end":{"line":115,"column":5}},"line":110},"10":{"name":"(anonymous_10)","decl":{"start":{"line":120,"column":32},"end":{"line":120,"column":33}},"loc":{"start":{"line":120,"column":44},"end":{"line":140,"column":3}},"line":120},"11":{"name":"(anonymous_11)","decl":{"start":{"line":142,"column":34},"end":{"line":142,"column":35}},"loc":{"start":{"line":142,"column":46},"end":{"line":162,"column":3}},"line":142},"12":{"name":"(anonymous_12)","decl":{"start":{"line":180,"column":25},"end":{"line":180,"column":26}},"loc":{"start":{"line":180,"column":31},"end":{"line":180,"column":54}},"line":180},"13":{"name":"(anonymous_13)","decl":{"start":{"line":184,"column":21},"end":{"line":184,"column":22}},"loc":{"start":{"line":184,"column":27},"end":{"line":184,"column":52}},"line":184},"14":{"name":"(anonymous_14)","decl":{"start":{"line":189,"column":25},"end":{"line":189,"column":26}},"loc":{"start":{"line":189,"column":31},"end":{"line":189,"column":53}},"line":189},"15":{"name":"(anonymous_15)","decl":{"start":{"line":197,"column":21},"end":{"line":197,"column":22}},"loc":{"start":{"line":197,"column":27},"end":{"line":197,"column":40}},"line":197},"16":{"name":"(anonymous_16)","decl":{"start":{"line":210,"column":26},"end":{"line":210,"column":27}},"loc":{"start":{"line":210,"column":41},"end":{"line":210,"column":63}},"line":210},"17":{"name":"(anonymous_17)","decl":{"start":{"line":217,"column":21},"end":{"line":217,"column":22}},"loc":{"start":{"line":217,"column":27},"end":{"line":234,"column":13}},"line":217},"18":{"name":"(anonymous_18)","decl":{"start":{"line":222,"column":22},"end":{"line":222,"column":23}},"loc":{"start":{"line":222,"column":34},"end":{"line":226,"column":17}},"line":222},"19":{"name":"(anonymous_19)","decl":{"start":{"line":227,"column":23},"end":{"line":227,"column":24}},"loc":{"start":{"line":227,"column":40},"end":{"line":233,"column":17}},"line":227},"20":{"name":"(anonymous_20)","decl":{"start":{"line":247,"column":26},"end":{"line":247,"column":27}},"loc":{"start":{"line":247,"column":44},"end":{"line":247,"column":72}},"line":247},"21":{"name":"(anonymous_21)","decl":{"start":{"line":254,"column":21},"end":{"line":254,"column":22}},"loc":{"start":{"line":254,"column":27},"end":{"line":269,"column":13}},"line":254},"22":{"name":"(anonymous_22)","decl":{"start":{"line":259,"column":22},"end":{"line":259,"column":23}},"loc":{"start":{"line":259,"column":34},"end":{"line":263,"column":17}},"line":259},"23":{"name":"(anonymous_23)","decl":{"start":{"line":264,"column":23},"end":{"line":264,"column":24}},"loc":{"start":{"line":264,"column":40},"end":{"line":268,"column":17}},"line":264},"24":{"name":"(anonymous_24)","decl":{"start":{"line":283,"column":26},"end":{"line":283,"column":27}},"loc":{"start":{"line":283,"column":44},"end":{"line":283,"column":72}},"line":283},"25":{"name":"(anonymous_25)","decl":{"start":{"line":290,"column":21},"end":{"line":290,"column":22}},"loc":{"start":{"line":290,"column":27},"end":{"line":306,"column":13}},"line":290},"26":{"name":"(anonymous_26)","decl":{"start":{"line":294,"column":22},"end":{"line":294,"column":23}},"loc":{"start":{"line":294,"column":34},"end":{"line":298,"column":17}},"line":294},"27":{"name":"(anonymous_27)","decl":{"start":{"line":299,"column":23},"end":{"line":299,"column":24}},"loc":{"start":{"line":299,"column":40},"end":{"line":305,"column":17}},"line":299},"28":{"name":"(anonymous_28)","decl":{"start":{"line":321,"column":21},"end":{"line":321,"column":22}},"loc":{"start":{"line":321,"column":27},"end":{"line":329,"column":13}},"line":321},"29":{"name":"(anonymous_29)","decl":{"start":{"line":344,"column":19},"end":{"line":344,"column":20}},"loc":{"start":{"line":344,"column":25},"end":{"line":346,"column":11}},"line":344},"30":{"name":"(anonymous_30)","decl":{"start":{"line":355,"column":38},"end":{"line":355,"column":39}},"loc":{"start":{"line":355,"column":51},"end":{"line":370,"column":1}},"line":355},"31":{"name":"(anonymous_31)","decl":{"start":{"line":363,"column":19},"end":{"line":363,"column":20}},"loc":{"start":{"line":363,"column":25},"end":{"line":365,"column":11}},"line":363}},"branchMap":{"0":{"loc":{"start":{"line":67,"column":6},"end":{"line":80,"column":7}},"type":"if","locations":[{"start":{"line":67,"column":6},"end":{"line":80,"column":7}},{"start":{"line":67,"column":6},"end":{"line":80,"column":7}}],"line":67},"1":{"loc":{"start":{"line":69,"column":8},"end":{"line":69,"column":56}},"type":"if","locations":[{"start":{"line":69,"column":8},"end":{"line":69,"column":56}},{"start":{"line":69,"column":8},"end":{"line":69,"column":56}}],"line":69},"2":{"loc":{"start":{"line":122,"column":4},"end":{"line":126,"column":5}},"type":"if","locations":[{"start":{"line":122,"column":4},"end":{"line":126,"column":5}},{"start":{"line":122,"column":4},"end":{"line":126,"column":5}}],"line":122},"3":{"loc":{"start":{"line":122,"column":8},"end":{"line":122,"column":60}},"type":"binary-expr","locations":[{"start":{"line":122,"column":8},"end":{"line":122,"column":22}},{"start":{"line":122,"column":26},"end":{"line":122,"column":60}}],"line":122},"4":{"loc":{"start":{"line":135,"column":4},"end":{"line":139,"column":5}},"type":"if","locations":[{"start":{"line":135,"column":4},"end":{"line":139,"column":5}},{"start":{"line":135,"column":4},"end":{"line":139,"column":5}}],"line":135},"5":{"loc":{"start":{"line":145,"column":4},"end":{"line":149,"column":5}},"type":"if","locations":[{"start":{"line":145,"column":4},"end":{"line":149,"column":5}},{"start":{"line":145,"column":4},"end":{"line":149,"column":5}}],"line":145},"6":{"loc":{"start":{"line":145,"column":8},"end":{"line":145,"column":68}},"type":"binary-expr","locations":[{"start":{"line":145,"column":8},"end":{"line":145,"column":26}},{"start":{"line":145,"column":30},"end":{"line":145,"column":68}}],"line":145},"7":{"loc":{"start":{"line":157,"column":4},"end":{"line":161,"column":5}},"type":"if","locations":[{"start":{"line":157,"column":4},"end":{"line":161,"column":5}},{"start":{"line":157,"column":4},"end":{"line":161,"column":5}}],"line":157},"8":{"loc":{"start":{"line":164,"column":2},"end":{"line":170,"column":3}},"type":"if","locations":[{"start":{"line":164,"column":2},"end":{"line":170,"column":3}},{"start":{"line":164,"column":2},"end":{"line":170,"column":3}}],"line":164},"9":{"loc":{"start":{"line":229,"column":18},"end":{"line":230,"column":44}},"type":"if","locations":[{"start":{"line":229,"column":18},"end":{"line":230,"column":44}},{"start":{"line":229,"column":18},"end":{"line":230,"column":44}}],"line":229},"10":{"loc":{"start":{"line":301,"column":18},"end":{"line":302,"column":44}},"type":"if","locations":[{"start":{"line":301,"column":18},"end":{"line":302,"column":44}},{"start":{"line":301,"column":18},"end":{"line":302,"column":44}}],"line":301}},"s":{"0":3,"1":3,"2":1,"3":1,"4":1,"5":1,"6":1,"7":1,"8":1,"9":1,"10":1,"11":1,"12":1,"13":1,"14":1,"15":1,"16":1,"17":1,"18":1,"19":1,"20":0,"21":0,"22":0,"23":0,"24":0,"25":0,"26":0,"27":0,"28":0,"29":0,"30":0,"31":0,"32":1,"33":0,"34":1,"35":0,"36":1,"37":0,"38":0,"39":0,"40":0,"41":0,"42":0,"43":0,"44":0,"45":0,"46":0,"47":0,"48":0,"49":0,"50":0,"51":0,"52":0,"53":0,"54":0,"55":1,"56":0,"57":0,"58":0,"59":0,"60":0,"61":0,"62":0,"63":0,"64":0,"65":0,"66":1,"67":0,"68":0,"69":0,"70":0,"71":0,"72":0,"73":0,"74":0,"75":0,"76":0,"77":1,"78":1,"79":0,"80":0,"81":0,"82":0,"83":0,"84":0,"85":0,"86":0,"87":0,"88":0,"89":0,"90":0,"91":0,"92":0,"93":0,"94":0,"95":0,"96":0,"97":0,"98":0,"99":0,"100":0,"101":0,"102":0,"103":0,"104":0,"105":0,"106":0,"107":0,"108":3,"109":0,"110":0,"111":3},"f":{"0":1,"1":0,"2":0,"3":0,"4":0,"5":0,"6":0,"7":0,"8":0,"9":0,"10":0,"11":0,"12":0,"13":0,"14":0,"15":0,"16":0,"17":0,"18":0,"19":0,"20":0,"21":0,"22":0,"23":0,"24":0,"25":0,"26":0,"27":0,"28":0,"29":0,"30":0,"31":0},"b":{"0":[0,0],"1":[0,0],"2":[0,0],"3":[0,0],"4":[0,0],"5":[0,0],"6":[0,0],"7":[0,0],"8":[1,0],"9":[0,0],"10":[0,0]},"_coverageSchema":"1a1c01bbd47fc00a2c39e90264f33305004495a9","hash":"0711191893f860bf28f6c7385a2cd71d2b27f61f"}
,"C:\\Users\\tala1\\Skrivebord\\DTU\\6.semester\\ReactNativeUdemy\\ReactNative\\rn-blue-market\\store\\actions\\cart.js": {"path":"C:\\Users\\tala1\\Skrivebord\\DTU\\6.semester\\ReactNativeUdemy\\ReactNative\\rn-blue-market\\store\\actions\\cart.js","statementMap":{"0":{"start":{"line":2,"column":27},"end":{"line":2,"column":40}},"1":{"start":{"line":3,"column":32},"end":{"line":3,"column":50}},"2":{"start":{"line":4,"column":26},"end":{"line":4,"column":38}},"3":{"start":{"line":6,"column":25},"end":{"line":8,"column":1}},"4":{"start":{"line":7,"column":2},"end":{"line":7,"column":49}},"5":{"start":{"line":9,"column":30},"end":{"line":11,"column":1}},"6":{"start":{"line":10,"column":2},"end":{"line":10,"column":58}},"7":{"start":{"line":13,"column":25},"end":{"line":15,"column":1}},"8":{"start":{"line":14,"column":2},"end":{"line":14,"column":80}}},"fnMap":{"0":{"name":"(anonymous_0)","decl":{"start":{"line":6,"column":25},"end":{"line":6,"column":26}},"loc":{"start":{"line":6,"column":38},"end":{"line":8,"column":1}},"line":6},"1":{"name":"(anonymous_1)","decl":{"start":{"line":9,"column":30},"end":{"line":9,"column":31}},"loc":{"start":{"line":9,"column":45},"end":{"line":11,"column":1}},"line":9},"2":{"name":"(anonymous_2)","decl":{"start":{"line":13,"column":25},"end":{"line":13,"column":26}},"loc":{"start":{"line":13,"column":49},"end":{"line":15,"column":1}},"line":13}},"branchMap":{},"s":{"0":6,"1":6,"2":6,"3":6,"4":0,"5":6,"6":0,"7":6,"8":0},"f":{"0":0,"1":0,"2":0},"b":{},"_coverageSchema":"1a1c01bbd47fc00a2c39e90264f33305004495a9","hash":"24b7a81b6891a28aa40c2973b07efc601f26b594"}
,"C:\\Users\\tala1\\Skrivebord\\DTU\\6.semester\\ReactNativeUdemy\\ReactNative\\rn-blue-market\\store\\actions\\products.js": {"path":"C:\\Users\\tala1\\Skrivebord\\DTU\\6.semester\\ReactNativeUdemy\\ReactNative\\rn-blue-market\\store\\actions\\products.js","statementMap":{"0":{"start":{"line":3,"column":30},"end":{"line":3,"column":46}},"1":{"start":{"line":4,"column":29},"end":{"line":22,"column":1}},"2":{"start":{"line":5,"column":2},"end":{"line":21,"column":4}},"3":{"start":{"line":7,"column":25},"end":{"line":7,"column":27}},"4":{"start":{"line":9,"column":4},"end":{"line":18,"column":9}},"5":{"start":{"line":15,"column":8},"end":{"line":17,"column":11}},"6":{"start":{"line":16,"column":10},"end":{"line":16,"column":61}},"7":{"start":{"line":20,"column":4},"end":{"line":20,"column":65}}},"fnMap":{"0":{"name":"(anonymous_0)","decl":{"start":{"line":4,"column":29},"end":{"line":4,"column":30}},"loc":{"start":{"line":4,"column":35},"end":{"line":22,"column":1}},"line":4},"1":{"name":"(anonymous_1)","decl":{"start":{"line":5,"column":9},"end":{"line":5,"column":10}},"loc":{"start":{"line":5,"column":29},"end":{"line":21,"column":3}},"line":5},"2":{"name":"(anonymous_2)","decl":{"start":{"line":13,"column":12},"end":{"line":13,"column":13}},"loc":{"start":{"line":13,"column":26},"end":{"line":18,"column":7}},"line":13},"3":{"name":"(anonymous_3)","decl":{"start":{"line":15,"column":30},"end":{"line":15,"column":31}},"loc":{"start":{"line":15,"column":39},"end":{"line":17,"column":9}},"line":15}},"branchMap":{},"s":{"0":5,"1":5,"2":0,"3":0,"4":0,"5":0,"6":0,"7":0},"f":{"0":0,"1":0,"2":0,"3":0},"b":{},"_coverageSchema":"1a1c01bbd47fc00a2c39e90264f33305004495a9","hash":"63cd25c51fd8fe1d63670dded503983cf649e487"}
,"C:\\Users\\tala1\\Skrivebord\\DTU\\6.semester\\ReactNativeUdemy\\ReactNative\\rn-blue-market\\store\\reducers\\cart.js": {"path":"C:\\Users\\tala1\\Skrivebord\\DTU\\6.semester\\ReactNativeUdemy\\ReactNative\\rn-blue-market\\store\\reducers\\cart.js","statementMap":{"0":{"start":{"line":4,"column":21},"end":{"line":7,"column":1}},"1":{"start":{"line":10,"column":2},"end":{"line":64,"column":3}},"2":{"start":{"line":12,"column":27},"end":{"line":12,"column":41}},"3":{"start":{"line":13,"column":24},"end":{"line":13,"column":42}},"4":{"start":{"line":14,"column":24},"end":{"line":14,"column":42}},"5":{"start":{"line":19,"column":6},"end":{"line":29,"column":7}},"6":{"start":{"line":20,"column":8},"end":{"line":25,"column":10}},"7":{"start":{"line":28,"column":8},"end":{"line":28,"column":80}},"8":{"start":{"line":30,"column":6},"end":{"line":34,"column":8}},"9":{"start":{"line":36,"column":29},"end":{"line":36,"column":45}},"10":{"start":{"line":39,"column":6},"end":{"line":51,"column":7}},"11":{"start":{"line":40,"column":31},"end":{"line":46,"column":9}},"12":{"start":{"line":47,"column":8},"end":{"line":47,"column":79}},"13":{"start":{"line":49,"column":8},"end":{"line":49,"column":45}},"14":{"start":{"line":50,"column":8},"end":{"line":50,"column":47}},"15":{"start":{"line":52,"column":6},"end":{"line":57,"column":8}},"16":{"start":{"line":59,"column":6},"end":{"line":63,"column":8}},"17":{"start":{"line":66,"column":2},"end":{"line":66,"column":15}}},"fnMap":{"0":{"name":"(anonymous_0)","decl":{"start":{"line":9,"column":15},"end":{"line":9,"column":16}},"loc":{"start":{"line":9,"column":49},"end":{"line":67,"column":1}},"line":9}},"branchMap":{"0":{"loc":{"start":{"line":9,"column":16},"end":{"line":9,"column":36}},"type":"default-arg","locations":[{"start":{"line":9,"column":24},"end":{"line":9,"column":36}}],"line":9},"1":{"loc":{"start":{"line":10,"column":2},"end":{"line":64,"column":3}},"type":"switch","locations":[{"start":{"line":11,"column":4},"end":{"line":34,"column":8}},{"start":{"line":35,"column":4},"end":{"line":57,"column":8}},{"start":{"line":58,"column":4},"end":{"line":63,"column":8}}],"line":10},"2":{"loc":{"start":{"line":19,"column":6},"end":{"line":29,"column":7}},"type":"if","locations":[{"start":{"line":19,"column":6},"end":{"line":29,"column":7}},{"start":{"line":19,"column":6},"end":{"line":29,"column":7}}],"line":19},"3":{"loc":{"start":{"line":39,"column":6},"end":{"line":51,"column":7}},"type":"if","locations":[{"start":{"line":39,"column":6},"end":{"line":51,"column":7}},{"start":{"line":39,"column":6},"end":{"line":51,"column":7}}],"line":39}},"s":{"0":1,"1":3,"2":0,"3":0,"4":0,"5":0,"6":0,"7":0,"8":0,"9":0,"10":0,"11":0,"12":0,"13":0,"14":0,"15":0,"16":0,"17":3},"f":{"0":3},"b":{"0":[3],"1":[0,0,0],"2":[0,0],"3":[0,0]},"_coverageSchema":"1a1c01bbd47fc00a2c39e90264f33305004495a9","hash":"18a1c336fa9cdfe28fd01fc097cea7244d4e25a5"}
,"C:\\Users\\tala1\\Skrivebord\\DTU\\6.semester\\ReactNativeUdemy\\ReactNative\\rn-blue-market\\store\\reducers\\products.js": {"path":"C:\\Users\\tala1\\Skrivebord\\DTU\\6.semester\\ReactNativeUdemy\\ReactNative\\rn-blue-market\\store\\reducers\\products.js","statementMap":{"0":{"start":{"line":3,"column":21},"end":{"line":5,"column":1}},"1":{"start":{"line":8,"column":2},"end":{"line":16,"column":3}},"2":{"start":{"line":10,"column":6},"end":{"line":13,"column":8}},"3":{"start":{"line":15,"column":6},"end":{"line":15,"column":26}}},"fnMap":{"0":{"name":"(anonymous_0)","decl":{"start":{"line":7,"column":15},"end":{"line":7,"column":16}},"loc":{"start":{"line":7,"column":49},"end":{"line":17,"column":1}},"line":7}},"branchMap":{"0":{"loc":{"start":{"line":7,"column":16},"end":{"line":7,"column":36}},"type":"default-arg","locations":[{"start":{"line":7,"column":24},"end":{"line":7,"column":36}}],"line":7},"1":{"loc":{"start":{"line":8,"column":2},"end":{"line":16,"column":3}},"type":"switch","locations":[{"start":{"line":9,"column":4},"end":{"line":13,"column":8}},{"start":{"line":14,"column":4},"end":{"line":15,"column":26}}],"line":8}},"s":{"0":3,"1":5,"2":0,"3":5},"f":{"0":5},"b":{"0":[5],"1":[0,5]},"_coverageSchema":"1a1c01bbd47fc00a2c39e90264f33305004495a9","hash":"ce005f9bbfb2507cc2fb764c87862ceaef73b289"}
}
