TN:
SF:App.js
FN:23,(anonymous_0)
FN:30,App
FN:37,(anonymous_2)
FN:40,(anonymous_3)
FNF:4
FNH:2
FNDA:1,(anonymous_0)
FNDA:1,App
FNDA:0,(anonymous_2)
FNDA:0,(anonymous_3)
DA:16,1
DA:21,1
DA:23,1
DA:24,1
DA:31,1
DA:33,1
DA:34,1
DA:38,0
DA:40,0
DA:45,0
LF:10
LH:7
BRDA:33,0,0,1
BRDA:33,0,1,0
BRF:2
BRH:1
end_of_record
TN:
SF:assets\default-image.jpg
FNF:0
FNH:0
DA:1,1
LF:1
LH:1
BRF:0
BRH:0
end_of_record
TN:
SF:assets\fonts\OpenSans-Bold.ttf
FNF:0
FNH:0
DA:1,1
LF:1
LH:1
BRF:0
BRH:0
end_of_record
TN:
SF:assets\fonts\OpenSans-Regular.ttf
FNF:0
FNH:0
DA:1,1
LF:1
LH:1
BRF:0
BRH:0
end_of_record
TN:
SF:components\BasketItem.js
FN:11,(anonymous_0)
FNF:1
FNH:0
FNDA:0,(anonymous_0)
DA:11,3
DA:12,0
DA:32,3
LF:3
LH:2
BRDA:22,0,0,0
BRDA:22,0,1,0
BRF:2
BRH:0
end_of_record
TN:
SF:components\FormButton.js
FN:11,FormButton
FNF:1
FNH:1
FNDA:4,FormButton
DA:9,7
DA:12,4
DA:25,7
LF:3
LH:3
BRF:0
BRH:0
end_of_record
TN:
SF:components\FormInput.js
FN:11,FormInput
FNF:1
FNH:1
FNDA:8,FormInput
DA:9,7
DA:12,8
DA:30,7
LF:3
LH:3
BRF:0
BRH:0
end_of_record
TN:
SF:components\HeaderButton.js
FN:8,(anonymous_0)
FNF:1
FNH:1
FNDA:2,(anonymous_0)
DA:8,8
DA:9,2
LF:2
LH:2
BRDA:14,0,0,0
BRDA:14,0,1,2
BRF:2
BRH:1
end_of_record
TN:
SF:components\Loading.js
FN:7,Loading
FNF:1
FNH:0
FNDA:0,Loading
DA:8,0
DA:15,6
LF:2
LH:1
BRF:0
BRH:0
end_of_record
TN:
SF:components\ProductItem.js
FN:15,(anonymous_0)
FNF:1
FNH:0
FNDA:0,(anonymous_0)
DA:13,3
DA:15,3
DA:16,0
DA:47,3
LF:4
LH:3
BRF:0
BRH:0
end_of_record
TN:
SF:components\ReauthenticationDialog.js
FN:15,(anonymous_0)
FN:20,(anonymous_1)
FN:31,(anonymous_2)
FN:36,(anonymous_3)
FN:55,(anonymous_4)
FN:61,(anonymous_5)
FN:66,(anonymous_6)
FNF:7
FNH:0
FNDA:0,(anonymous_0)
FNDA:0,(anonymous_1)
FNDA:0,(anonymous_2)
FNDA:0,(anonymous_3)
FNDA:0,(anonymous_4)
FNDA:0,(anonymous_5)
FNDA:0,(anonymous_6)
DA:16,0
DA:17,0
DA:18,0
DA:20,0
DA:22,0
DA:23,0
DA:29,0
DA:33,0
DA:34,0
DA:38,0
DA:39,0
DA:42,0
DA:55,0
DA:61,0
DA:66,0
LF:15
LH:0
BRF:0
BRH:0
end_of_record
TN:
SF:components\UserProductItem.js
FN:6,(anonymous_0)
FNF:1
FNH:0
FNDA:0,(anonymous_0)
DA:6,3
DA:7,0
LF:2
LH:1
BRF:0
BRH:0
end_of_record
TN:
SF:constants\Colors.js
FNF:0
FNH:0
LF:0
LH:0
BRF:0
BRH:0
end_of_record
TN:
SF:firebase\index.js
FNF:0
FNH:0
DA:11,9
DA:21,9
DA:22,9
LF:3
LH:3
BRDA:21,0,0,9
BRDA:21,0,1,0
BRF:2
BRH:1
end_of_record
TN:
SF:models\cart.js
FN:3,(anonymous_0)
FNF:1
FNH:0
FNDA:0,(anonymous_0)
DA:4,0
DA:5,0
DA:6,0
DA:7,0
LF:4
LH:0
BRF:0
BRH:0
end_of_record
TN:
SF:navigation\ShoppingNavigator.js
FNF:0
FNH:0
DA:22,2
DA:29,2
DA:50,2
DA:62,2
DA:71,2
DA:85,2
LF:6
LH:6
BRDA:24,0,0,0
BRDA:24,0,1,2
BRDA:26,1,0,0
BRDA:26,1,1,2
BRF:4
BRH:2
end_of_record
TN:
SF:navigation\SidebarMenu.js
FN:67,(anonymous_0)
FN:72,(anonymous_1)
FN:75,(anonymous_2)
FN:76,(anonymous_3)
FN:93,(anonymous_4)
FN:95,(anonymous_5)
FN:98,(anonymous_6)
FN:103,(anonymous_7)
FN:106,(anonymous_8)
FN:113,(anonymous_9)
FN:125,(anonymous_10)
FN:134,(anonymous_11)
FN:139,(anonymous_12)
FN:140,(anonymous_13)
FN:141,(anonymous_14)
FN:228,(anonymous_15)
FNF:16
FNH:6
FNDA:1,(anonymous_0)
FNDA:0,(anonymous_1)
FNDA:0,(anonymous_2)
FNDA:0,(anonymous_3)
FNDA:0,(anonymous_4)
FNDA:0,(anonymous_5)
FNDA:0,(anonymous_6)
FNDA:0,(anonymous_7)
FNDA:0,(anonymous_8)
FNDA:1,(anonymous_9)
FNDA:0,(anonymous_10)
FNDA:1,(anonymous_11)
FNDA:2,(anonymous_12)
FNDA:2,(anonymous_13)
FNDA:0,(anonymous_14)
FNDA:1,(anonymous_15)
DA:19,2
DA:21,2
DA:48,2
DA:67,2
DA:68,1
DA:69,1
DA:70,1
DA:72,1
DA:73,0
DA:75,1
DA:76,0
DA:77,0
DA:79,0
DA:80,0
DA:81,0
DA:83,0
DA:86,0
DA:87,0
DA:88,0
DA:89,0
DA:93,1
DA:94,0
DA:95,0
DA:96,0
DA:98,0
DA:99,0
DA:101,0
DA:103,0
DA:104,0
DA:106,0
DA:107,0
DA:110,0
DA:113,1
DA:114,1
DA:115,0
DA:125,0
DA:131,1
DA:134,1
DA:135,1
DA:139,2
DA:141,2
DA:161,1
DA:172,2
DA:228,1
LF:44
LH:20
BRDA:77,0,0,0
BRDA:77,0,1,0
BRDA:94,1,0,0
BRDA:94,1,1,0
BRDA:101,2,0,0
BRDA:101,2,1,0
BRDA:110,3,0,0
BRDA:110,3,1,0
BRDA:114,4,0,0
BRDA:114,4,1,1
BRDA:138,5,0,0
BRDA:138,5,1,1
BRDA:144,6,0,0
BRDA:144,6,1,2
BRDA:150,7,0,0
BRDA:150,7,1,2
BRDA:152,8,0,0
BRDA:152,8,1,2
BRF:18
BRH:5
end_of_record
TN:
SF:screens\BasketScreen.js
FN:11,(anonymous_0)
FN:13,(anonymous_1)
FN:14,(anonymous_2)
FN:42,(anonymous_3)
FN:52,(anonymous_4)
FN:53,(anonymous_5)
FN:58,(anonymous_6)
FN:68,(anonymous_7)
FNF:8
FNH:1
FNDA:1,(anonymous_0)
FNDA:0,(anonymous_1)
FNDA:0,(anonymous_2)
FNDA:0,(anonymous_3)
FNDA:0,(anonymous_4)
FNDA:0,(anonymous_5)
FNDA:0,(anonymous_6)
FNDA:0,(anonymous_7)
DA:11,3
DA:13,1
DA:14,0
DA:15,0
DA:16,0
DA:17,0
DA:25,0
DA:28,0
DA:30,0
DA:43,0
DA:52,0
DA:54,0
DA:59,0
DA:68,3
DA:69,0
DA:74,3
LF:16
LH:4
BRF:0
BRH:0
end_of_record
TN:
SF:screens\MapScreen.js
FN:10,(anonymous_0)
FN:25,(anonymous_1)
FN:26,(anonymous_2)
FN:32,(anonymous_3)
FN:38,(anonymous_4)
FN:41,(anonymous_5)
FN:48,(anonymous_6)
FN:49,getDirections
FN:58,(anonymous_8)
FNF:9
FNH:1
FNDA:1,(anonymous_0)
FNDA:0,(anonymous_1)
FNDA:0,(anonymous_2)
FNDA:0,(anonymous_3)
FNDA:0,(anonymous_4)
FNDA:0,(anonymous_5)
FNDA:0,(anonymous_6)
FNDA:0,getDirections
FNDA:0,(anonymous_8)
DA:10,3
DA:12,1
DA:13,1
DA:15,1
DA:16,1
DA:17,1
DA:18,1
DA:19,1
DA:20,1
DA:21,1
DA:22,1
DA:25,1
DA:26,0
DA:27,0
DA:28,0
DA:29,0
DA:30,0
DA:32,0
DA:38,1
DA:39,0
DA:40,0
DA:41,0
DA:42,0
DA:48,1
DA:50,0
DA:51,0
DA:54,0
DA:55,0
DA:58,0
DA:59,0
DA:64,0
DA:65,0
DA:66,0
DA:68,0
DA:69,0
DA:72,0
DA:73,0
DA:76,1
DA:139,3
LF:39
LH:16
BRDA:39,0,0,0
BRDA:39,0,1,0
BRDA:39,1,0,0
BRDA:39,1,1,0
BRDA:87,2,0,1
BRDA:87,2,1,0
BRDA:87,2,2,0
BRDA:98,3,0,1
BRDA:98,3,1,0
BRDA:98,3,2,0
BRDA:109,4,0,1
BRDA:109,4,1,0
BRDA:109,4,2,0
BRDA:109,4,3,0
BRDA:118,5,0,1
BRDA:118,5,1,0
BRDA:118,5,2,0
BRDA:118,5,3,0
BRF:18
BRH:4
end_of_record
TN:
SF:screens\PaymentScreen.js
FN:13,(anonymous_0)
FN:28,(anonymous_1)
FN:38,(anonymous_2)
FN:48,(anonymous_3)
FN:99,(anonymous_4)
FN:117,(anonymous_5)
FN:126,(anonymous_6)
FNF:7
FNH:1
FNDA:1,(anonymous_0)
FNDA:0,(anonymous_1)
FNDA:0,(anonymous_2)
FNDA:0,(anonymous_3)
FNDA:0,(anonymous_4)
FNDA:0,(anonymous_5)
FNDA:0,(anonymous_6)
DA:13,3
DA:14,1
DA:15,1
DA:16,1
DA:18,1
DA:19,1
DA:20,1
DA:22,1
DA:23,1
DA:25,1
DA:28,0
DA:29,0
DA:30,0
DA:32,0
DA:34,0
DA:38,0
DA:39,0
DA:40,0
DA:42,0
DA:44,0
DA:48,0
DA:49,0
DA:50,0
DA:52,0
DA:54,0
DA:57,0
DA:100,0
DA:101,0
DA:104,0
DA:107,0
DA:117,3
DA:118,0
DA:127,0
DA:135,3
LF:34
LH:12
BRDA:29,0,0,0
BRDA:29,0,1,0
BRDA:39,1,0,0
BRDA:39,1,1,0
BRDA:49,2,0,0
BRDA:49,2,1,0
BRDA:67,3,0,0
BRDA:67,3,1,0
BRDA:77,4,0,0
BRDA:77,4,1,0
BRDA:87,5,0,0
BRDA:87,5,1,0
BRDA:100,6,0,0
BRDA:100,6,1,0
BRDA:100,7,0,0
BRDA:100,7,1,0
BRDA:100,7,2,0
BRF:17
BRH:0
end_of_record
TN:
SF:screens\ProductDetailsScreen.js
FN:18,(anonymous_0)
FN:21,(anonymous_1)
FN:26,(anonymous_2)
FN:44,(anonymous_3)
FN:59,(anonymous_4)
FN:72,(anonymous_5)
FN:81,(anonymous_6)
FNF:7
FNH:2
FNDA:1,(anonymous_0)
FNDA:1,(anonymous_1)
FNDA:0,(anonymous_2)
FNDA:0,(anonymous_3)
FNDA:0,(anonymous_4)
FNDA:0,(anonymous_5)
FNDA:0,(anonymous_6)
DA:18,3
DA:20,1
DA:21,1
DA:24,0
DA:25,0
DA:26,0
DA:29,0
DA:32,0
DA:45,0
DA:46,0
DA:47,0
DA:48,0
DA:50,0
DA:60,0
DA:72,3
DA:73,0
DA:82,0
DA:91,3
LF:18
LH:5
BRDA:47,0,0,0
BRDA:47,0,1,0
BRF:2
BRH:0
end_of_record
TN:
SF:screens\ProductsScreen.js
FN:18,(anonymous_0)
FN:21,(anonymous_1)
FN:29,(anonymous_2)
FN:30,(anonymous_3)
FN:46,(anonymous_4)
FN:50,(anonymous_5)
FN:54,(anonymous_6)
FN:57,(anonymous_7)
FN:61,(anonymous_8)
FN:75,(anonymous_9)
FN:88,(anonymous_10)
FN:89,(anonymous_11)
FN:94,(anonymous_12)
FN:100,(anonymous_13)
FN:112,(anonymous_14)
FN:120,(anonymous_15)
FN:131,(anonymous_16)
FNF:17
FNH:3
FNDA:2,(anonymous_0)
FNDA:1,(anonymous_1)
FNDA:0,(anonymous_2)
FNDA:0,(anonymous_3)
FNDA:0,(anonymous_4)
FNDA:0,(anonymous_5)
FNDA:0,(anonymous_6)
FNDA:0,(anonymous_7)
FNDA:0,(anonymous_8)
FNDA:0,(anonymous_9)
FNDA:0,(anonymous_10)
FNDA:0,(anonymous_11)
FNDA:0,(anonymous_12)
FNDA:0,(anonymous_13)
FNDA:1,(anonymous_14)
FNDA:0,(anonymous_15)
FNDA:0,(anonymous_16)
DA:18,3
DA:19,2
DA:20,2
DA:21,2
DA:23,0
DA:25,0
DA:27,0
DA:29,0
DA:30,0
DA:31,0
DA:34,0
DA:35,0
DA:38,0
DA:40,0
DA:42,0
DA:46,0
DA:47,0
DA:50,0
DA:51,0
DA:54,0
DA:55,0
DA:57,0
DA:58,0
DA:61,0
DA:62,0
DA:64,0
DA:66,0
DA:68,0
DA:75,0
DA:88,0
DA:90,0
DA:95,0
DA:101,0
DA:102,0
DA:103,0
DA:112,3
DA:113,1
DA:121,0
DA:132,0
DA:140,3
LF:40
LH:7
BRDA:31,0,0,0
BRDA:31,0,1,0
BRF:2
BRH:0
end_of_record
TN:
SF:screens\SellProductScreen.js
FN:16,(anonymous_0)
FN:36,(anonymous_1)
FN:54,(anonymous_2)
FN:73,(anonymous_3)
FN:82,(anonymous_4)
FN:86,(anonymous_5)
FN:87,(anonymous_6)
FN:89,(anonymous_7)
FN:96,(anonymous_8)
FN:107,(anonymous_9)
FN:127,(anonymous_10)
FN:130,(anonymous_11)
FN:162,(anonymous_12)
FN:166,(anonymous_13)
FN:178,(anonymous_14)
FN:185,(anonymous_15)
FN:203,(anonymous_16)
FN:209,(anonymous_17)
FNF:18
FNH:1
FNDA:1,(anonymous_0)
FNDA:0,(anonymous_1)
FNDA:0,(anonymous_2)
FNDA:0,(anonymous_3)
FNDA:0,(anonymous_4)
FNDA:0,(anonymous_5)
FNDA:0,(anonymous_6)
FNDA:0,(anonymous_7)
FNDA:0,(anonymous_8)
FNDA:0,(anonymous_9)
FNDA:0,(anonymous_10)
FNDA:0,(anonymous_11)
FNDA:0,(anonymous_12)
FNDA:0,(anonymous_13)
FNDA:0,(anonymous_14)
FNDA:0,(anonymous_15)
FNDA:0,(anonymous_16)
FNDA:0,(anonymous_17)
DA:15,3
DA:16,3
DA:21,1
DA:27,1
DA:29,1
DA:30,1
DA:31,1
DA:32,1
DA:33,1
DA:34,1
DA:36,1
DA:37,0
DA:38,0
DA:39,0
DA:40,0
DA:44,0
DA:48,0
DA:49,0
DA:50,0
DA:54,1
DA:56,0
DA:57,0
DA:58,0
DA:59,0
DA:62,0
DA:66,0
DA:67,0
DA:69,0
DA:73,1
DA:74,0
DA:75,0
DA:77,0
DA:78,0
DA:80,0
DA:82,0
DA:83,0
DA:86,0
DA:87,0
DA:88,0
DA:89,0
DA:90,0
DA:91,0
DA:96,0
DA:97,0
DA:98,0
DA:99,0
DA:100,0
DA:101,0
DA:104,0
DA:107,1
DA:108,0
DA:109,0
DA:110,0
DA:113,0
DA:122,0
DA:123,0
DA:127,0
DA:128,0
DA:129,0
DA:130,0
DA:131,0
DA:142,0
DA:146,1
DA:147,0
DA:150,1
DA:162,0
DA:166,0
DA:178,0
DA:185,0
DA:203,0
DA:209,0
DA:217,3
LF:72
LH:17
BRDA:38,0,0,0
BRDA:38,0,1,0
BRDA:38,1,0,0
BRDA:38,1,1,0
BRDA:48,2,0,0
BRDA:48,2,1,0
BRDA:57,3,0,0
BRDA:57,3,1,0
BRDA:57,4,0,0
BRDA:57,4,1,0
BRDA:66,5,0,0
BRDA:66,5,1,0
BRDA:129,6,0,0
BRDA:129,6,1,0
BRDA:146,7,0,0
BRDA:146,7,1,1
BRDA:157,8,0,1
BRDA:157,8,1,0
BRF:18
BRH:2
end_of_record
TN:
SF:screens\SignInScreen.js
FN:17,LoginScreen
FN:25,(anonymous_1)
FN:27,(anonymous_2)
FN:34,(anonymous_3)
FN:40,(anonymous_4)
FN:60,(anonymous_5)
FN:66,(anonymous_6)
FN:72,(anonymous_7)
FN:79,(anonymous_8)
FN:86,(anonymous_9)
FN:97,(anonymous_10)
FN:105,(anonymous_11)
FNF:12
FNH:1
FNDA:1,LoginScreen
FNDA:0,(anonymous_1)
FNDA:0,(anonymous_2)
FNDA:0,(anonymous_3)
FNDA:0,(anonymous_4)
FNDA:0,(anonymous_5)
FNDA:0,(anonymous_6)
FNDA:0,(anonymous_7)
FNDA:0,(anonymous_8)
FNDA:0,(anonymous_9)
FNDA:0,(anonymous_10)
FNDA:0,(anonymous_11)
DA:18,1
DA:19,1
DA:20,1
DA:22,1
DA:23,1
DA:25,1
DA:27,1
DA:28,0
DA:31,0
DA:37,0
DA:38,0
DA:41,0
DA:42,0
DA:43,0
DA:46,0
DA:49,1
DA:50,0
DA:53,1
DA:60,0
DA:66,0
DA:72,0
DA:79,0
DA:97,3
DA:98,0
DA:106,0
DA:113,3
LF:26
LH:11
BRDA:49,0,0,0
BRDA:49,0,1,1
BRF:2
BRH:1
end_of_record
TN:
SF:screens\SignUpScreen.js
FN:22,SignupScreen
FN:47,(anonymous_1)
FN:48,(anonymous_2)
FN:56,(anonymous_3)
FN:63,(anonymous_4)
FN:65,(anonymous_5)
FN:86,(anonymous_6)
FN:107,(anonymous_7)
FN:118,(anonymous_8)
FN:122,(anonymous_9)
FN:123,(anonymous_10)
FN:133,(anonymous_11)
FN:144,(anonymous_12)
FN:150,(anonymous_13)
FN:156,(anonymous_14)
FN:181,(anonymous_15)
FN:184,(anonymous_16)
FN:187,(anonymous_17)
FN:197,(anonymous_18)
FN:203,(anonymous_19)
FN:209,(anonymous_20)
FN:215,(anonymous_21)
FN:221,(anonymous_22)
FN:228,(anonymous_23)
FN:236,(anonymous_24)
FNF:25
FNH:1
FNDA:1,SignupScreen
FNDA:0,(anonymous_1)
FNDA:0,(anonymous_2)
FNDA:0,(anonymous_3)
FNDA:0,(anonymous_4)
FNDA:0,(anonymous_5)
FNDA:0,(anonymous_6)
FNDA:0,(anonymous_7)
FNDA:0,(anonymous_8)
FNDA:0,(anonymous_9)
FNDA:0,(anonymous_10)
FNDA:0,(anonymous_11)
FNDA:0,(anonymous_12)
FNDA:0,(anonymous_13)
FNDA:0,(anonymous_14)
FNDA:0,(anonymous_15)
FNDA:0,(anonymous_16)
FNDA:0,(anonymous_17)
FNDA:0,(anonymous_18)
FNDA:0,(anonymous_19)
FNDA:0,(anonymous_20)
FNDA:0,(anonymous_21)
FNDA:0,(anonymous_22)
FNDA:0,(anonymous_23)
FNDA:0,(anonymous_24)
DA:27,1
DA:33,1
DA:35,1
DA:36,1
DA:37,1
DA:38,1
DA:39,1
DA:40,1
DA:41,1
DA:43,1
DA:44,1
DA:45,1
DA:47,1
DA:48,0
DA:50,0
DA:51,0
DA:57,0
DA:63,1
DA:65,1
DA:66,0
DA:67,0
DA:68,0
DA:69,0
DA:70,0
DA:74,0
DA:80,0
DA:81,0
DA:82,0
DA:86,1
DA:88,0
DA:89,0
DA:90,0
DA:91,0
DA:92,0
DA:95,0
DA:101,0
DA:102,0
DA:103,0
DA:107,1
DA:108,0
DA:111,0
DA:113,0
DA:114,0
DA:116,0
DA:118,0
DA:119,0
DA:122,0
DA:123,0
DA:124,0
DA:125,0
DA:129,0
DA:133,0
DA:134,0
DA:135,0
DA:136,0
DA:137,0
DA:138,0
DA:141,0
DA:144,1
DA:145,0
DA:146,0
DA:147,0
DA:151,0
DA:152,0
DA:158,0
DA:162,0
DA:163,0
DA:164,0
DA:165,0
DA:168,0
DA:171,1
DA:172,0
DA:175,1
DA:181,0
DA:184,0
DA:187,0
DA:197,0
DA:203,0
DA:209,0
DA:215,0
DA:221,0
DA:228,0
DA:246,3
LF:83
LH:21
BRDA:50,0,0,0
BRDA:50,0,1,0
BRDA:67,1,0,0
BRDA:67,1,1,0
BRDA:67,2,0,0
BRDA:67,2,1,0
BRDA:80,3,0,0
BRDA:80,3,1,0
BRDA:89,4,0,0
BRDA:89,4,1,0
BRDA:89,5,0,0
BRDA:89,5,1,0
BRDA:101,6,0,0
BRDA:101,6,1,0
BRDA:171,7,0,0
BRDA:171,7,1,1
BRF:16
BRH:1
end_of_record
TN:
SF:screens\UserProductsScreen.js
FN:17,(anonymous_0)
FN:21,(anonymous_1)
FN:25,(anonymous_2)
FN:26,(anonymous_3)
FN:42,(anonymous_4)
FN:47,(anonymous_5)
FN:50,(anonymous_6)
FN:65,(anonymous_7)
FN:66,(anonymous_8)
FN:72,(anonymous_9)
FN:99,(anonymous_10)
FN:107,(anonymous_11)
FN:118,(anonymous_12)
FNF:13
FNH:1
FNDA:1,(anonymous_0)
FNDA:0,(anonymous_1)
FNDA:0,(anonymous_2)
FNDA:0,(anonymous_3)
FNDA:0,(anonymous_4)
FNDA:0,(anonymous_5)
FNDA:0,(anonymous_6)
FNDA:0,(anonymous_7)
FNDA:0,(anonymous_8)
FNDA:0,(anonymous_9)
FNDA:0,(anonymous_10)
FNDA:0,(anonymous_11)
FNDA:0,(anonymous_12)
DA:17,3
DA:18,1
DA:19,1
DA:20,1
DA:21,1
DA:23,0
DA:25,0
DA:26,0
DA:27,0
DA:30,0
DA:31,0
DA:34,0
DA:36,0
DA:38,0
DA:42,0
DA:43,0
DA:46,0
DA:47,0
DA:50,0
DA:51,0
DA:53,0
DA:55,0
DA:58,0
DA:65,0
DA:67,0
DA:76,0
DA:79,0
DA:83,0
DA:86,0
DA:99,3
DA:100,0
DA:108,0
DA:119,0
DA:127,3
LF:34
LH:7
BRDA:27,0,0,0
BRDA:27,0,1,0
BRF:2
BRH:0
end_of_record
TN:
SF:screens\UserProfileScreen.js
FN:34,(anonymous_0)
FN:65,(anonymous_1)
FN:66,(anonymous_2)
FN:84,(anonymous_3)
FN:85,(anonymous_4)
FN:87,(anonymous_5)
FN:97,(anonymous_6)
FN:101,(anonymous_7)
FN:102,(anonymous_8)
FN:110,(anonymous_9)
FN:120,(anonymous_10)
FN:142,(anonymous_11)
FN:180,(anonymous_12)
FN:184,(anonymous_13)
FN:189,(anonymous_14)
FN:197,(anonymous_15)
FN:210,(anonymous_16)
FN:217,(anonymous_17)
FN:222,(anonymous_18)
FN:227,(anonymous_19)
FN:247,(anonymous_20)
FN:254,(anonymous_21)
FN:259,(anonymous_22)
FN:264,(anonymous_23)
FN:283,(anonymous_24)
FN:290,(anonymous_25)
FN:294,(anonymous_26)
FN:299,(anonymous_27)
FN:321,(anonymous_28)
FN:344,(anonymous_29)
FN:355,(anonymous_30)
FN:363,(anonymous_31)
FNF:32
FNH:1
FNDA:1,(anonymous_0)
FNDA:0,(anonymous_1)
FNDA:0,(anonymous_2)
FNDA:0,(anonymous_3)
FNDA:0,(anonymous_4)
FNDA:0,(anonymous_5)
FNDA:0,(anonymous_6)
FNDA:0,(anonymous_7)
FNDA:0,(anonymous_8)
FNDA:0,(anonymous_9)
FNDA:0,(anonymous_10)
FNDA:0,(anonymous_11)
FNDA:0,(anonymous_12)
FNDA:0,(anonymous_13)
FNDA:0,(anonymous_14)
FNDA:0,(anonymous_15)
FNDA:0,(anonymous_16)
FNDA:0,(anonymous_17)
FNDA:0,(anonymous_18)
FNDA:0,(anonymous_19)
FNDA:0,(anonymous_20)
FNDA:0,(anonymous_21)
FNDA:0,(anonymous_22)
FNDA:0,(anonymous_23)
FNDA:0,(anonymous_24)
FNDA:0,(anonymous_25)
FNDA:0,(anonymous_26)
FNDA:0,(anonymous_27)
FNDA:0,(anonymous_28)
FNDA:0,(anonymous_29)
FNDA:0,(anonymous_30)
FNDA:0,(anonymous_31)
DA:32,3
DA:34,3
DA:39,1
DA:45,1
DA:47,1
DA:48,1
DA:49,1
DA:50,1
DA:51,1
DA:52,1
DA:53,1
DA:55,1
DA:56,1
DA:57,1
DA:58,1
DA:60,1
DA:61,1
DA:62,1
DA:63,1
DA:65,1
DA:66,0
DA:67,0
DA:69,0
DA:70,0
DA:71,0
DA:72,0
DA:73,0
DA:74,0
DA:77,0
DA:78,0
DA:79,0
DA:84,1
DA:85,1
DA:87,1
DA:88,0
DA:89,0
DA:90,0
DA:92,0
DA:93,0
DA:95,0
DA:97,0
DA:98,0
DA:101,0
DA:102,0
DA:103,0
DA:104,0
DA:110,0
DA:111,0
DA:112,0
DA:113,0
DA:114,0
DA:117,0
DA:120,1
DA:121,0
DA:122,0
DA:123,0
DA:124,0
DA:125,0
DA:129,0
DA:135,0
DA:136,0
DA:137,0
DA:138,0
DA:142,1
DA:144,0
DA:145,0
DA:146,0
DA:147,0
DA:148,0
DA:151,0
DA:157,0
DA:158,0
DA:159,0
DA:160,0
DA:164,1
DA:165,1
DA:172,0
DA:180,0
DA:184,0
DA:189,0
DA:197,0
DA:210,0
DA:220,0
DA:224,0
DA:225,0
DA:229,0
DA:230,0
DA:231,0
DA:232,0
DA:247,0
DA:255,0
DA:261,0
DA:262,0
DA:266,0
DA:267,0
DA:283,0
DA:292,0
DA:296,0
DA:297,0
DA:301,0
DA:302,0
DA:303,0
DA:304,0
DA:327,0
DA:328,0
DA:355,3
DA:356,0
DA:364,0
DA:371,3
LF:109
LH:29
BRDA:67,0,0,0
BRDA:67,0,1,0
BRDA:69,1,0,0
BRDA:69,1,1,0
BRDA:122,2,0,0
BRDA:122,2,1,0
BRDA:122,3,0,0
BRDA:122,3,1,0
BRDA:135,4,0,0
BRDA:135,4,1,0
BRDA:145,5,0,0
BRDA:145,5,1,0
BRDA:145,6,0,0
BRDA:145,6,1,0
BRDA:157,7,0,0
BRDA:157,7,1,0
BRDA:164,8,0,1
BRDA:164,8,1,0
BRDA:229,9,0,0
BRDA:229,9,1,0
BRDA:301,10,0,0
BRDA:301,10,1,0
BRF:22
BRH:1
end_of_record
TN:
SF:store\actions\cart.js
FN:6,(anonymous_0)
FN:9,(anonymous_1)
FN:13,(anonymous_2)
FNF:3
FNH:0
FNDA:0,(anonymous_0)
FNDA:0,(anonymous_1)
FNDA:0,(anonymous_2)
DA:2,6
DA:3,6
DA:4,6
DA:6,6
DA:7,0
DA:9,6
DA:10,0
DA:13,6
DA:14,0
LF:9
LH:6
BRF:0
BRH:0
end_of_record
TN:
SF:store\actions\products.js
FN:4,(anonymous_0)
FN:5,(anonymous_1)
FN:13,(anonymous_2)
FN:15,(anonymous_3)
FNF:4
FNH:0
FNDA:0,(anonymous_0)
FNDA:0,(anonymous_1)
FNDA:0,(anonymous_2)
FNDA:0,(anonymous_3)
DA:3,5
DA:4,5
DA:5,0
DA:7,0
DA:9,0
DA:15,0
DA:16,0
DA:20,0
LF:8
LH:2
BRF:0
BRH:0
end_of_record
TN:
SF:store\reducers\cart.js
FN:9,(anonymous_0)
FNF:1
FNH:1
FNDA:3,(anonymous_0)
DA:4,1
DA:10,3
DA:12,0
DA:13,0
DA:14,0
DA:19,0
DA:20,0
DA:28,0
DA:30,0
DA:36,0
DA:39,0
DA:40,0
DA:47,0
DA:49,0
DA:50,0
DA:52,0
DA:59,0
DA:66,3
LF:18
LH:3
BRDA:9,0,0,3
BRDA:10,1,0,0
BRDA:10,1,1,0
BRDA:10,1,2,0
BRDA:19,2,0,0
BRDA:19,2,1,0
BRDA:39,3,0,0
BRDA:39,3,1,0
BRF:8
BRH:1
end_of_record
TN:
SF:store\reducers\products.js
FN:7,(anonymous_0)
FNF:1
FNH:1
FNDA:5,(anonymous_0)
DA:3,3
DA:8,5
DA:10,0
DA:15,5
LF:4
LH:3
BRDA:7,0,0,5
BRDA:8,1,0,0
BRDA:8,1,1,5
BRF:3
BRH:2
end_of_record
